<?xml version="1.0"?>
<function>
   <testbench var_2="113145" p_var_3="12" p_var_5="922492" p_var_6="12" p_var_8="760360" p_var_9="12" p_var_10="13" p_var_11="16" p_var_12="11" graph:init_file="../common/DB40_init" return="0"/>
</function>
