<?xml version="1.0"?>
<function>
   <testbench var_2="44960" p_var_3="17" p_var_4="1034495" p_var_5="12" p_var_7="8" p_var_9="0" p_var_11="4" graph:init_file="../common/DB40_init" return="10"/>
</function>
