<?xml version="1.0"?>
<function>
   <testbench var_4="1034495" p_var_3="1" p_var_5="12" p_var_6="591971" p_var_7="12" p_var_9="6" p_var_10="113145" p_var_11="12" p_var_12="7" graph:init_file="../common/DB40_init" return="1763"/>
</function>
