<?xml version="1.0"?>
<function>
   <testbench var_4="922492" p_var_3="16" p_var_5="12" p_var_6="760360" p_var_7="12" p_var_9="13" p_var_10="1006845" p_var_11="12" p_var_12="11" graph:init_file="../common/DB40_init" return="106"/>
</function>
