<?xml version="1.0"?>
<function>
<testbench in="{2488411426,2644944295,1331721355,690828351,1126310695,2997659284,3132666800,3132866493,3082598073,2226566836,522199083,505487137,488382493,522263836,555884064,2202083618,2509473159,3082005670,3149181361,3132733884,3166616251,3182803125,555957691,522134564,488578848,488512027,521936671,505422373,572464927,673391136,3048186997,3082073784,3149508022,3183263935,3233661121,3250765757,49601,0,0,0,0,0,0,0,0,0,0,0,0,0,0,0,0,0,0,0,0,0,0,0,0,0,0,0,2337482275,1601273486,724581196,606282791,1210130723,2980751257,3082072498,3116089275,3132732859,2109191093,522264617,505355807,471539231,505486875,555752735,2185633571,2559543684,3165760424,3183064244,3116154301,3166682814,3199908023,572865979,505357350,471801119,505223707,538713374,555491617,572727071,656548385,2964303485,2998450104,3166351799,3166551487,3132998080,3166682551,49342,0,0,0,0,0,0,0,0,0,0,0,0,0,0,0,0,0,0,0,0,0,0,0,0,0,0,0,1632382502,842745175,589505834,555753761,1193287970,2947262101,3115693235,3132800955,3132537023,2075439545,488644648,522066975,471604767,488841244,555884063,2185830434,2576649088,3148983464,3216749750,3099574208,3200368831,3200170939,556088249,505488166,488447008,488315420,538582043,555557408,572858397,656614176,2947130488,3031940282,3149247927,3200040125,2931540413,3132799923,49085,0,0,0,0,0,0,0,0,0,0,0,0,0,0,0,0,0,0,0,0,0,0,0,0,0,0,0,944727635,589703216,555950370,555885088,1226842145,2913642906,3082204337,3166158013,3098852287,2092085687,522330150,522066975,488381726,505618717,539107103,2303402019,2694614658,3098915242,3200039349,3133127873,3217080512,3183393980,556021938,539042597,522132511,555424284,538581788,522002209,572857886,623125023,2963906415,3065559737,3166222005,3250503610,2831073727,3216751544,49088,0,0,0,0,0,0,0,0,0,0,0,0,0,0,0,0,0,0,0,0,0,0,0,0,0,0,0,693868697,522264867,555949853,572662047,1294016547,2913709216,3065426603,3166289084,3082336957,2092150963,589439015,522132767,555752990,505422112,555884062,2353799203,2795671688,3115824818,3149642165,3149838783,3216883135,3200171453,539178925,555754275,522198304,538712860,521870108,505224736,572792605,639836192,2980880247,3116154040,3099178165,3233857466,2914828481,3267345598,49088,0,0,0,0,0,0,0,0,0,0,0,0,0,0,0,0,0,0,0,0,0,0,0,0,0,0,0,609919404,522133279,538975774,589439007,1344413987,2913643429,3048648618,3132734906,3048846521,2041754291,555688230,505356065,555818783,522199329,522264094,2336890400,2947390351,3149116082,3166484920,3065690813,3233725371,3216752319,522401451,555688739,505355549,488315676,488316187,488447774,572595996,639770655,2963971194,3132800696,3082401975,3233791675,3099508161,3233856704,48575,0,0,0,0,0,0,0,0,0,0,0,0,0,0,0,0,0,0,0,0,0,0,0,0,0,0,0,592944815,522198815,522067229,589373471,1361060131,2863113379,3115889323,3116154300,3082400694,2008331956,572662309,505487650,572530463,572662306,522395422,2387549727,3014895252,3115627699,3149511353,3099114686,3233594811,3200040128,539178416,522068515,488577820,471603741,488381724,522133791,555753500,656548129,2997920631,3081943476,3132865720,3267345085,3200171713,3166748609,48318,0,0,0,0,0,0,0,0,0,0,0,0,0,0,0,0,0,0,0,0,0,0,0,0,0,0,0,592813231,522133279,522067228,572530463,1394614307,2795872929,3132601004,3116154301,3099178933,2058860469,572727846,522265123,572399391,522199071,539172381,2539068962,3031804827,3082270391,3132733622,3166551744,3200040380,3199974333,522400941,522067489,454892314,471669275,522001435,522133280,606282270,656547874,2997854589,3082336440,3132930484,3250700221,3250569409,3066085825,48827,0,0,0,0,0,0,0,0,0,0,0,0,0,0,0,0,0,0,0,0,0,0,0,0,0,0,0,592746414,539041568,488513054,555753246,1411391267,2846205601,3098981294,3149708474,3099245756,2025239476,556016167,522265379,555754271,505356061,572661789,2774474787,3065358503,3082270643,3149707960,3200237248,3116022717,3199908538,555823789,505224737,454827035,488512539,488446749,488512798,623124765,656613410,2980946810,3149577659,3166484403,3233857727,3250635200,3049243072,49342,0,0,0,0,0,0,0,0,0,0,0,0,0,0,0,0,0,0,0,0,0,0,0,0,0,0,0,609325996,555819041,505356065,572595997,1495277346,2913446310,3115824562,3132799673,3065626561,1924510385,539173415,522265122,539042335,471801884,572662044,2808161059,3048581804,3031610549,3183326648,3200236731,3132538559,3200039612,555757741,522198816,438049818,488381210,471603995,488512541,639639580,656678945,2997658747,3166355385,3149839546,3216817851,3250700481,3116154815,49343,0,0,0,0,0,0,0,0,0,0,0,0,0,0,0,0,0,0,0,0,0,0,0,0,0,0,0,592416940,555819041,505356576,572596255,1545674530,2913445799,3115824307,3166486204,3031940032,1840691123,522396453,522331427,522264607,488645148,556016669,2657494051,2981540783,2997727925,3132863671,3183197114,3183198143,3217014206,572665773,522133280,438050076,505093145,488512538,488381726,572399646,690233377,3048254091,3116153020,3183460288,3200171447,3233923265,3216883646,49087,0,0,0,0,0,0,0,0,0,0,0,0,0,0,0,0,0,0,0,0,0,0,0,0,0,0,0,592351918,522133023,505356061,572530463,1529028642,2846336673,3098980526,3116154298,3015030459,1790293941,539239203,555952932,522264351,488711452,556081950,2640847139,2981803182,3031610801,3115693496,3166419902,3149905338,3216882879,606285481,505290532,454827293,471669786,522066714,505224736,538844958,723656736,3031674764,3183065016,3183197120,3183459255,3166814144,3250568382,49343,0,0,0,0,0,0,0,0,0,0,0,0,0,0,0,0,0,0,0,0,0,0,0,0,0,0,0,575377580,505355807,538910237,555819040,1545871650,2812847520,3132534183,3048914105,3065493433,1756608182,539239460,539108901,505487135,488710683,556016159,2725454883,3032068262,3031543725,3149181105,3199973820,3216881844,3183197376,622931106,505224998,471669789,471801627,471669019,488316190,589176605,790700064,3065492377,3116022970,3166353590,3183394237,3116285889,3267476410,49343,0,0,0,0,0,0,0,0,0,0,0,0,0,0,0,0,0,0,0,0,0,0,0,0,0,0,0,558403241,505290015,555753245,572596000,1629823522,2862981795,3082006186,3032004535,3082271933,1689434040,539371046,522264612,488578847,505422877,522395678,2809865507,2998383014,3014502831,3048518835,3233593530,3233658808,3199778495,622996638,522067494,488512284,471604507,454760476,505224736,572464672,841032226,3065295516,3132997819,3200105402,3217014720,2998713792,3233855925,47805,0,0,0,0,0,0,0,0,0,0,0,0,0,0,0,0,0,0,0,0,0,0,0,0,0,0,0,558403500,505355807,538910494,589307937,1663509027,2879758756,3048451499,3099178934,3065364159,1639037112,522593318,522199073,488447517,522266143,555950109,2826380835,2947986347,2981015218,3031544754,3233594813,3233857214,3216555708,572796068,505421858,488446749,488315931,471538206,522133279,589373473,841097763,3048386712,3166748601,3216817597,3200302783,2864298429,2830084519,36762,0,0,0,0,0,0,0,0,0,0,0,0,0,0,0,0,0,0,0,0,0,0,0,0,0,0,0,558469295,522198815,505290269,589373473,1697063459,2846401187,3082136488,3166550969,3098982847,1571928503,522462500,505421602,471670044,572531743,572661789,2809079587,2897654441,2980883884,3099045553,3199975359,3166552255,3216621245,539175839,471736095,488512029,505093147,505158432,538910753,572465184,857809186,3048319638,3132931510,3132799160,2947856059,2173803689,1499754103,18506,0,0,0,0,0,0,0,0,0,0,0,0,0,0,0,0,0,0,0,0,0,0,0,0,0,0,0,575245999,505356064,505159198,589373473,1730748963,2846401699,3115888810,3183196602,3149510075,1504557496,505751588,505487651,522067485,538977057,589439007,2792629798,2948116901,3031281069,3149246386,3183329214,3166355646,3200237245,505490332,454893342,471669276,521935642,521870111,538713631,589242400,857874722,3014699924,3015095989,2661722540,1836549013,1045124705,808597304,11050,0,0,0,0,0,0,0,0,0,0,0,0,0,0,0,0,0,0,0,0,0,0,0,0,0,0,0,591891374,505421343,505224734,589373472,1714168867,2947196318,3132601777,3199908539,3183392953,1386788791,505751331,505487649,522067486,522199584,622861854,2742560299,2981538474,3031411888,3115693494,3149708989,3149708988,3166814141,505424538,454893342,471538203,555555098,488446752,538778910,606085407,891625763,2762515871,2224265125,1398434425,876298827,589901101,623257124,8997,0,0,0,0,0,0,0,0,0,0,0,0,0,0,0,0,0,0,0,0,0,0,0,0,0,0,0,591627694,505356065,505224478,589439008,1764697635,2980750750,3115561650,3183328443,3166682298,1336456632,505488419,522330656,488513311,538976031,622796317,2692097321,2964826028,3065033134,3115760313,3200040637,3133128637,3133259454,522267031,455024672,454827035,538778138,471800864,589242144,639836963,1160914985,1820101275,1045123941,724316727,572925993,505619489,589439775,7712,0,0,0,0,0,0,0,0,0,0,0,0,0,0,0,0,0,0,0,0,0,0,0,0,0,0,0,557744815,488578848,521936157,589439265,1831675170,2980751782,3098586288,3099376826,3116154043,1336390839,538845731,539107872,454959136,538976030,572530205,2675385634,2981670319,2997727662,3132536499,3233660860,3116416703,3116351165,539109768,488579616,471669788,522198298,505290014,656679202,1278881581,1887858526,893406299,640100914,572597028,505553185,471801630,555687709,7710,0,0,0,0,0,0,0,0,0,0,0,0,0,0,0,0,0,0,0,0,0,0,0,0,0,0,0,540705199,488513312,522067229,589439522,1915561252,2964041649,3014897330,3082336953,3116022462,1319744694,572465442,522330144,488447520,522067486,555752989,2759730979,3031740330,2981081780,3183064503,3233791679,3166551232,3149840317,522463616,539043360,488578591,522199323,622862112,1616068401,2811856251,2058859438,623389750,538911269,505290783,488644126,437985054,505355803,7455,0,0,0,0,0,0,0,0,0,0,0,0,0,0,0,0,0,0,0,0,0,0,0,0,0,0,0,540705196,488513056,505290012,606282273,1949115685,2963910062,2997989812,3132930486,3149577662,1252438455,555688482,522329887,505290271,505290528,555818782,2810063400,3082007468,3015030198,3149511097,3200236734,3183328448,3216817338,572663675,522134304,572530208,791160609,1918585662,2930220937,3183130549,2009055165,589506094,505225509,522067743,471867167,437919006,505421339,7966,0,0,0,0,0,0,0,0,0,0,0,0,0,0,0,0,0,0,0,0,0,0,0,0,0,0,0,540639147,471735839,522001692,589439009,1898783525,2963711908,3031609780,3166615732,3166551740,1168422585,522134562,505421598,505290015,522133279,572596000,2709335079,2981015213,3031938994,3132732599,3099114681,3183525566,3233594041,555886201,656745762,1144729386,2238867540,2896205714,3200039860,3217014206,1958789824,622928939,505225508,522133022,488709665,438050077,505356060,7965,0,0,0,0,0,0,0,0,0,0,0,0,0,0,0,0,0,0,0,0,0,0,0,0,0,0,0,540572843,488513312,521936157,572530208,1898849572,2980488098,3048518582,3166287796,3149774010,1134934458,538977314,488512797,488512797,505290528,572596256,2692754981,2997530281,3031938997,3132667064,3065626300,3166682812,3216686266,892218228,2019970883,2408943232,2795348631,3098061223,3250700222,3233923008,1891484097,589243691,488448545,555818527,505552417,454827549,505356060,7453,0,0,0,0,0,0,0,0,0,0,0,0,0,0,0,0,0,0,0,0,0,0,0,0,0,0,0,557349803,505290784,488381469,555687455,2033198116,3014043047,3082138037,3166353849,3166551228,1134933689,538911524,471735583,471669787,522133534,572661792,2777034786,3014898864,2981475510,3166288313,3132997053,3116219837,2711661747,2542366842,2997790627,2746135218,2846339236,3132074667,3250765247,3233857727,1841218242,606086188,522002722,539106847,522264352,454958878,505224733,7709,0,0,0,0,0,0,0,0,0,0,0,0,0,0,0,0,0,0,0,0,0,0,0,0,0,0,0,557283494,505356321,488381469,555752991,2100437796,2980817576,3065031857,3200105144,3166486206,1101378491,522068516,488513312,454827292,555754016,572596513,2827890208,2948051637,2981146288,3149707964,2965027004,2157026730,1481991541,3115559813,3065559228,2796596150,2846600112,2931009968,3233987768,3233792446,1723974338,555688746,522199073,522264607,555949597,471933471,522133278,7711,0,0,0,0,0,0,0,0,0,0,0,0,0,0,0,0,0,0,0,0,0,0,0,0,0,0,0,557151394,505421857,505224221,555819039,2083660580,2980948902,3031346610,3183262393,3166420412,1033942205,505225763,505290785,488447517,505356833,572596769,2727817248,2981211822,2880352427,2611390896,1702593942,994529117,942420536,3166021519,3065625788,2796202417,2913771442,2712642987,3233987759,3250569919,1572978881,555688488,522198816,505422113,589700638,455024671,522265118,7455,0,0,0,0,0,0,0,0,0,0,0,0,0,0,0,0,0,0,0,0,0,0,0,0,0,0,0,540176803,505356577,505290013,539041824,2100437539,2997660070,3065163699,3149445818,3166485947,966834366,488448291,505224992,538910238,522199329,572530978,2711171360,2762320549,2005241236,1297900401,775634504,606546220,874652709,3031674516,3049111736,2795548342,2963710382,2728831148,3217145520,3250504384,1539359169,572465705,505486881,522133280,608183071,438181665,522264605,7710,0,0,0,0,0,0,0,0,0,0,0,0,0,0,0,0,0,0,0,0,0,0,0,0,0,0,0,523202982,505487649,522001694,555819041,2218205731,2997594537,3065295541,3132799416,3132997052,949926589,522002467,471670559,539042078,538910753,606085409,2475438885,1668251528,943934034,691023927,572991017,522265377,706682401,3132665230,3049177275,2745282743,2879958178,2779097771,3166420139,3250503873,1505870530,572531243,522133028,522198562,591865888,421470241,539238429,7965,0,0,0,0,0,0,0,0,0,0,0,0,0,0,0,0,0,0,0,0,0,0,0,0,0,0,0,523202983,505422625,522067487,572596771,2235048995,2980752299,3081744050,3149773752,3149708476,949664443,555621923,488447777,522264862,606282018,1060252710,1431979602,825704265,606611755,539436071,505553186,505356576,572399648,3166284939,2947987645,2560469934,2661656218,2796135847,3216159649,3216949185,1522713282,589439787,538778915,538844963,506011935,421469727,522395420,7965,0,0,0,0,0,0,0,0,0,0,0,0,0,0,0,0,0,0,0,0,0,0,0,0,0,0,0,539979688,522265377,555622174,572597027,2201560356,2980817832,3064966834,3166551482,3183263163,899004602,522067746,505290529,673587743,1599160628,2643492461,775055783,589637422,539173923,522526756,488775710,505356063,538648609,2846599560,1920764833,2240512373,2139585662,2611189134,3232410004,3233791937,1539424961,572662570,572333343,538910755,488644128,421403935,539041564,7967,0,0,0,0,0,0,0,0,0,0,0,0,0,0,0,0,0,0,0,0,0,0,0,0,0,0,0,556624551,505422114,538910238,572597026,2285708835,2981013929,3115692980,3116154043,3200171193,848804283,538976034,858334499,2137871677,2913508755,3065427120,656959912,522134055,488710174,488775201,472063516,505290528,538713888,1685624457,859325263,1263287348,1195653950,2104712788,3232801415,3250634430,1522647743,555688745,589242142,555622432,471604511,454892829,539041821,7969,0,0,0,0,0,0,0,0,0,0,0,0,0,0,0,0,0,0,0,0,0,0,0,0,0,0,0,573270183,505356321,538910238,589439777,2403476772,2981079979,3132602038,3132931259,3200105143,848410813,656679462,2254782256,3064965016,3149641399,2090908346,606288732,538845221,471867934,471801123,488512795,538910498,605823009,708467826,471736865,656481563,589308199,1211970347,3115356258,3267477178,1455538624,555557161,555884318,522067487,454761247,488447516,539042079,7967,0,0,0,0,0,0,0,0,0,0,0,0,0,0,0,0,0,0,0,0,0,0,0,0,0,0,0,539716008,505422113,555687454,623060002,2487558949,3031543726,3132601525,3149708475,2796532917,642742162,589308193,1564881449,3216680328,3015162044,810388404,437787171,555491875,455222559,471801121,488513565,555622178,672996898,404698439,286463768,404165907,404299803,723984922,3014224951,3284254653,1337835711,522002215,572857887,538910496,471538461,454762268,538910494,7967,0,0,0,0,0,0,0,0,0,0,0,0,0,0,0,0,0,0,0,0,0,0,0,0,0,0,0,539585193,522199585,589307167,656811043,2487624486,3048452268,3015029684,2510597553,1399422088,388181819,387323668,723722780,3131006529,3014635194,455294341,320017688,589110554,488776735,471735328,488710428,505159456,622928929,320414767,269488402,353768466,337386774,572463383,2827764005,3284254654,1253753025,488447526,589504543,505290783,471735068,437984539,538910238,7453,0,0,0,0,0,0,0,0,0,0,0,0,0,0,0,0,0,0,0,0,0,0,0,0,0,0,0,539585193,539107617,606018847,656877093,2470847269,2812979366,2156762525,1331522419,522795588,320149530,353703188,521870101,1985096484,2678358643,421339969,336860699,571939351,471802143,488513055,505421596,320018976,370677780,303371542,319950865,353702931,354162964,488315417,2488805149,3267542719,1203552706,522067494,572662046,522067999,488774683,438049818,522198814,7197,0,0,0,0,0,0,0,0,0,0,0,0,0,0,0,0,0,0,0,0,0,0,0,0,0,0,0,556427688,539042081,589373215,690431012,2202873386,1786019464,1112298845,724448570,353837346,370545941,353703447,454760725,924783898,1550793777,437852707,370481692,504698904,488513309,505290786,622796318,286266657,353571346,353571089,353768468,353702675,437982483,471475225,2033327387,3267477695,1186841538,555885096,555818782,522069278,488774685,438049561,505356060,7199,0,0,0,0,0,0,0,0,0,0,0,0,0,0,0,0,0,0,0,0,0,0,0,0,0,0,0,573204391,555753762,639836704,1329673262,1449226080,909656142,640364080,454565924,353637650,370480404,353768983,404363028,403969046,724442392,387257886,421076762,437722404,505290526,471736099,673653792,286397470,353505809,370151188,353768981,387257108,488314132,455487511,1461917977,3267543223,1170195395,572794153,572530462,488449054,455089180,421206810,505355803,7199,0,0,0,0,0,0,0,0,0,0,0,0,0,0,0,0,0,0,0,0,0,0,0,0,0,0,0,606692517,740763430,1582317876,2610070645,896444325,572398887,488776993,320017689,420875533,336860178,336860437,404100371,286726426,387519501,487921434,522067994,421149010,555753503,555819301,488907812,303239958,404034833,370348567,370414613,353571863,504959762,490945560,991631384,3267543203,1153418179,572925482,589373215,488382750,471735324,454761242,538910493,7199,0,0,0,0,0,0,0,0,0,0,0,0,0,0,0,0,0,0,0,0,0,0,0,0,0,0,0,1043818139,1919179340,2795080575,2947658414,678343090,573576983,353770266,336860438,638716687,303173907,303240210,370413841,337189145,303304717,1679301140,522723874,420952416,555687708,454893603,404495900,336925974,1179198482,370546484,387060242,303306009,487985425,476525082,672732952,3250765954,1103152067,572924712,572596257,471605279,488446748,454695963,522198302,7710,0,0,0,0,0,0,0,0,0,0,0,0,0,0,0,0,0,0,0,0,0,0,0,0,0,0,0,2239066997,2829229716,3064966059,2947790777,510373810,676926483,319886615,488249879,403376916,320148763,286396945,336793359,320280341,303173135,2400983055,540484139,403976786,387388949,404166424,404298008,336991767,2745597461,337058378,403837201,303503642,521539344,491725085,504961049,3233922145,1085981635,572990503,589374499,488514080,488381213,438116381,522198046,7966,0,0,0,0,0,0,0,0,0,0,0,0,0,0,0,0,0,0,0,0,0,0,0,0,0,0,0,2795337292,3014635180,3065361332,2947659449,409381809,624825106,370020372,1126967065,202183471,421929756,303239956,353636110,252974611,303172623,1461261838,574168099,387264840,319820049,370414610,370480662,303306005,2557233685,286594867,487723024,371405095,487919632,523638557,454629401,3233921098,1052426947,640165160,639836964,538846240,471603997,438312732,505289757,7967,0,0,0,0,0,0,0,0,0,0,0,0,0,0,0,0,0,0,0,0,0,0,0,0,0,0,0,2913499196,3031544241,3099244470,3014703288,342141620,557257234,453840145,1027419165,202579515,388309007,269685523,319884813,219092759,286329613,722866956,641276200,370748472,286265871,370414354,319951380,303174163,2017077782,236000568,840109838,557610333,454234132,522851099,438049303,3267409982,1035452867,673654056,639836963,555623458,488447005,438247453,471801118,7965,0,0,0,0,0,0,0,0,0,0,0,0,0,0,0,0,0,0,0,0,0,0,0,0,0,0,0,2913433914,3031544751,3132864951,3014834360,392341942,458167057,437194002,1112223259,320818517,304485387,202247951,269421580,185472277,269486860,454234635,624104998,336928293,269488143,336794386,269356817,370282769,1512320036,219157805,1024986894,741967746,387060256,589500697,455023640,3267343159,985121218,656745767,622994468,522068515,522066973,454959133,488578334,7965,0,0,0,0,0,0,0,0,0,0,0,0,0,0,0,0,0,0,0,0,0,0,0,0,0,0,0,2930211132,3014700719,3065361587,2998122425,509913781,322049554,386994965,522329370,589969702,337316879,219025167,269355787,185471762,235801355,403836939,539694623,303109921,252645390,269422608,235736334,437391889,756752932,185471774,773459725,724129881,319754530,589107479,438180889,3267473970,968475330,656680487,639837478,505356323,572333341,505224990,522067742,7966,0,0,0,0,0,0,0,0,0,0,0,0,0,0,0,0,0,0,0,0,0,0,0,0,0,0,0,2913434431,3014700463,3031412402,3014834618,627288502,320541974,337190685,488183318,471407382,336334099,235867920,269356301,219157777,252578827,471142156,489559842,269427233,235736589,202182157,218893067,319753486,504830233,185405463,437521676,538584358,286134038,488182038,438049817,3267474480,951567042,639837992,623060007,538844963,589110558,538780192,522068002,7968,0,0,0,0,0,0,0,0,0,0,0,0,0,0,0,0,0,0,0,0,0,0,0,0,0,0,0,2896526658,3014832559,3031477938,3014834618,643737526,505224482,438247457,421139221,370547731,202117395,235868179,286133517,286397714,252579083,840699917,456006684,269560101,202116365,202181901,218893323,286133518,471409188,168562711,554700043,387983134,269291025,471207957,404363799,3250566963,917750466,606283817,622929187,555622434,622730270,555558432,556016933,7711,0,0,0,0,0,0,0,0,0,0,0,0,0,0,0,0,0,0,0,0,0,0,0,0,0,0,0,2879815235,3014898609,3048452017,2998188217,626500789,538911268,505356064,320017948,353703443,202380067,218961168,302976269,252777492,219024908,992874512,472392981,286335810,218893581,185404428,218893067,302910733,740566311,168496925,1444023563,391150906,252513809,437784853,387455512,3250567481,883999424,623060518,589308961,589176609,555752736,555623456,539370790,7710,0,0,0,0,0,0,0,0,0,0,0,0,0,0,0,0,0,0,0,0,0,0,0,0,0,0,0,2930278982,3031676338,3082204337,3031939513,609789363,538976547,522199329,303635741,286330896,219156764,202052371,286199309,202248724,219090955,691018258,488450068,303241037,269488144,218959376,202050317,319819020,1668358171,218894106,2501381900,408915512,286200084,438113813,387455512,3267411789,833602241,623060517,555819810,555622687,488512798,471671072,505553442,7710,0,0,0,0,0,0,0,0,0,0,0,0,0,0,0,0,0,0,0,0,0,0,0,0,0,0,0,2913437256,3014833586,3115889843,2947857082,592946097,538976290,555753505,522133023,252579349,235933457,185273872,319885325,202182161,303109135,405153302,538517275,370479679,303437592,219156757,185273358,353438988,1468287528,252580117,1511657228,408577829,353374739,371662356,421075222,3267477611,833405634,572597798,522265378,538845983,471669533,471539998,522330144,7968,0,0,0,0,0,0,0,0,0,0,0,0,0,0,0,0,0,0,0,0,0,0,0,0,0,0,0,2879751753,3014832814,3065295284,2930817211,609525680,555819298,555753249,572530208,252713247,269553936,218893840,370347792,421402128,371608353,404429592,706222373,487985453,404626719,269752348,219025168,521473805,927682634,235868433,639045644,422392345,403771152,321200403,521804312,3233726348,849986241,589308966,555885347,555623456,471603995,488382495,556080928,7967,0,0,0,0,0,0,0,0,0,0,0,0,0,0,0,0,0,0,0,0,0,0,0,0,0,0,0,2879620425,2997989804,2981015218,2947594426,609328817,555753763,555687456,572530464,370876192,286397461,286199826,454562580,1920229411,426747530,538646295,740365342,521736474,455024159,421141535,252712216,689114895,522792238,202313231,437785357,421140500,420679438,321008660,756684822,3233792170,832946625,589374245,555950627,521937953,471735579,488513823,522395168,7710,0,0,0,0,0,0,0,0,0,0,0,0,0,0,0,0,0,0,0,0,0,0,0,0,0,0,0,2930083402,2981212592,2997989553,2981214391,609197490,538910498,538910241,555819297,522067487,725362209,521870627,1596989728,2997988232,850114740,438115356,456266773,505287443,454892830,471670047,252976416,722865678,303773229,202181645,421205775,370545426,404099343,337331994,1243158550,3233923511,832553153,572859173,555884833,488449057,471866395,488513564,505224997,7709,0,0,0,0,0,0,0,0,0,0,0,0,0,0,0,0,0,0,0,0,0,0,0,0,0,0,0,2913306701,2998121137,3082269108,2981345463,608934836,538976546,538910497,522198817,555687455,2222075682,1886288774,2727513462,3149576112,2327428798,320084005,337711888,505355285,488316444,471670301,437919777,403770382,219361309,218958859,488905493,286331666,354030864,353714735,1830885655,3250700731,798539969,539107619,555754527,505357344,488578332,505093147,454828065,7709,0,0,0,0,0,0,0,0,0,0,0,0,0,0,0,0,0,0,0,0,0,0,0,0,0,0,0,2879753040,3031676081,3132732598,2981345720,591894707,555819298,538976032,522067487,572464927,2625975073,2728568228,2913578665,3166484918,2948316350,286534272,454365454,505422108,505159453,438050589,538713632,252513297,219093009,235801867,421140249,252645909,387651859,370421049,2453215769,3233988799,798081218,538911266,539043103,505422366,505290011,471472923,471605534,8479,0,0,0,0,0,0,0,0,0,0,0,0,0,0,0,0,0,0,0,0,0,0,0,0,0,0,0,2879884367,3065361584,3065362104,2964568248,591763123,572727843,538844960,522132767,589242399,2878420769,2846403501,3031348143,3132799160,3048978873,1013355181,572266792,505421599,505093662,438050589,488316189,252580119,269554707,252645391,336859924,269357335,437590292,404036136,2908234522,3217211585,798147266,488645924,589439775,488579102,471800860,471538970,471671327,7967,0,0,0,0,0,0,0,0,0,0,0,0,0,0,0,0,0,0,0,0,0,0,0,0,0,0,0,2913505106,3048386479,2997793716,2930948278,591697075,589570852,522133025,538975518,572465184,2911909920,2896735664,3014506162,3183131320,3082665403,2729160884,572532355,505356575,505159709,471867679,505290526,437853468,488380445,269422098,303174418,303108369,471275801,454628890,3145220383,3217146561,781763265,539043109,589570848,488578847,454892316,505159195,454959393,7454,0,0,0,0,0,0,0,0,0,0,0,0,0,0,0,0,0,0,0,0,0,0,0,0,0,0,0,2879885652,2964041133,3048189618,2947724984,591631539,606348324,505290273,555752733,555622432,2811050015,2947133361,2964371379,3183066040,3132931772,3031676601,589506964,488579358,505225500,505422368,471735839,505159196,488315938,235736336,286331408,420680208,421664797,538647064,3214696759,3250701248,747553473,539173667,555950624,488513054,471801372,505158941,488513823,7712,0,0,0,0,0,0,0,0,0,0,0,0,0,0,0,0,0,0,0,0,0,0,0,0,0,0,0,2829489496,2947198122,3098718132,2981279672,574722738,572728612,522133024,589569822,522068002,2827958047,3031347635,2964370614,3183131317,3132734395,3081942713,589572244,488448287,505225755,522133535,438181149,521936411,890969123,235802918,286265101,521671442,404560922,874716443,3232856664,3267478465,713278146,538977059,522330403,505289757,471867421,471604509,505225761,7711,0,0,0,0,0,0,0,0,0,0,0,0,0,0,0,0,0,0,0,0,0,0,0,0,0,0,0,2846333019,2964238508,3065163700,2947593652,574591154,589571365,555884834,589635616,522068002,2811378206,3014570673,3031545273,3166354609,3116088251,3149314492,606283408,522068258,522002716,538976033,438181919,505159451,1813978144,455824780,320148246,488709655,572266520,1463627045,3250229358,3267543747,712884930,522199589,522264612,488512541,488775964,471605025,471670558,7968,0,0,0,0,0,0,0,0,0,0,0,0,0,0,0,0,0,0,0,0,0,0,0,0,0,0,0,2896729949,2964435373,3014766514,2981278900,591237042,606414374,522265124,572727070,505291041,2777955616,3048190379,2998056375,3183262898,3082665147,3166419129,572663437,522199073,471671069,522133535,471670816,522002461,2065701918,2090379697,960187501,656946237,976629543,1834766405,3250496386,3250766274,729137601,505422376,505421601,505290271,539304476,471606563,488448030,7196,0,0,0,0,0,0,0,0,0,0,0,0,0,0,0,0,0,0,0,0,0,0,0,0,0,0,0,2879886685,2997923500,3031675572,2947790263,608014001,589571365,522330659,556081439,522133793,2744139297,3048254890,3014701746,3200104371,2981870269,3132667317,538977675,522264095,454827806,522133277,488381982,522133535,2166430749,2981541818,1550025896,1364416088,1515936340,2104256095,3250631828,3250766018,728481985,471802408,488513570,505290015,572858653,488317986,488513824,7454,0,0,0,0,0,0,0,0,0,0,0,0,0,0,0,0,0,0,0,0,0,0,0,0,0,0,0,2879952992,2997858222,3031675827,2897458615,607947436,589505571,522265122,556015904,538910753,2777365538,2997792173,2981147313,3166485173,3015293885,3149247929,539042700,488643871,471604765,488381723,488381983,538910495,2267094044,3099114429,1634570162,1549557086,1667852640,2356900458,3267476900,3250831555,711835840,505356837,471736354,522133023,539041821,538715170,522134304,7968,0,0,0,0,0,0,0,0,0,0,0,0,0,0,0,0,0,0,0,0,0,0,0,0,0,0,0,2879953249,2947526319,2997924017,2947855797,574129580,572662050,522199073,539107359,538976032,2710716705,2947394985,2997925041,3149642679,3132931260,3115759034,522265478,471670047,488381468,505027612,488447519,522132511,2183208218,3099113405,1685362868,1633574241,1768779112,2559081072,3250700469,3250831554,711770047,505159459,454893344,505355811,505421083,555687969,606019871,7967,0,0,0,0,0,0,0,0,0,0,0,0,0,0,0,0,0,0,0,0,0,0,0,0,0,0,0,2896599651,2981147057,2964304051,2998187444,574063534,555819297,522133281,539107360,606150688,2610120482,2947393701,3048387503,3149510840,3166617019,3115825337,556016512,488578847,538712859,505027616,505290270,538843681,2216762395,3183000764,1718852534,1684037727,1919641959,2761064310,3217146300,3250700993,761905344,505159458,471801375,488447524,471670043,555818526,622862880,7455,0,0,0,0,0,0,0,0,0,0,0,0,0,0,0,0,0,0,0,0,0,0,0,0,0,0,0,2930285413,3014833074,2964435380,2964567476,573997744,572596257,505422113,555884574,639836449,2593080866,2981013672,3031741361,3166353589,3166617021,3132668348,572859515,522067743,521935902,488250398,522001950,522001440,2384534557,3216818107,1752471988,1701078373,2003396200,3030025850,3217081023,3250700993,744603839,521936929,488513055,471604514,455024667,538975260,673260834,7454,0,0,0,0,0,0,0,0,0,0,0,0,0,0,0,0,0,0,0,0,0,0,0,0,0,0,0,2879954280,3014832300,2981146802,2964502198,590709423,572596257,505421858,555818782,639771170,2660321315,2964172977,2998121907,3183327925,3183394238,3132603326,589571193,522067233,522001437,521870365,538844702,522067485,2552437789,3183460285,1819450031,1718119274,2087610731,3131346557,3217081024,3267478209,710524864,555491361,471736607,471604767,488777245,555885086,673326114,7710,0,0,0,0,0,0,0,0,0,0,0,0,0,0,0,0,0,0,0,0,0,0,0,0,0,0,0,2846334313,2998054570,3014767281,2981345207,573800110,589439265,505487393,539041565,606216737,2744732451,2947723952,2913973682,3183262646,3183394749,3149315006,572793717,521935904,471603995,538713116,505289757,488448029,2619546397,3015295165,1886886826,1819176303,2088202862,3199375235,3217212097,3267543746,693289153,606019617,471736864,471670305,522528799,555754783,639770400,7967,0,0,0,0,0,0,0,0,0,0,0,0,0,0,0,0,0,0,0,0,0,0,0,0,0,0,0,2879954026,3014832300,3031676084,2998318773,573536686,555885346,522264352,522264349,589439521,2812038946,2964501168,2863904176,3149511087,3149840058,3132471738,539369840,521935903,505158682,505027612,488447004,555557149,2703695133,2897591999,1920832931,1920300146,2139060593,3233522320,3250766530,3267543746,726646977,639770913,522069280,488513835,556476960,605889053,639836192,7968,0,0,0,0,0,0,0,0,0,0,0,0,0,0,0,0,0,0,0,0,0,0,0,0,0,0,0,2879887720,3031740847,3031675828,3015030453,573405103,555819553,538910751,539041566,589439521,2845594147,2947396273,2931143857,3082401707,3116219063,3082008506,539304810,505158687,488315674,454696219,488446747,572334365,2754354975,2914630845,2055312803,1970764151,2256831094,3250500006,3267543747,3267543747,726646978,622993442,606021666,522201911,573254177,572399388,572662816,8480,0,0,0,0,0,0,0,0,0,0,0,0,0,0,0,0,0,0,0,0,0,0,0,0,0,0,0,2879625319,2998186415,3014833075,2964567476,573339567,538976545,538976031,539041567,606216738,2828816931,2964435631,2947855537,3082532785,3082467768,3098785210,522265961,488381471,471538714,438050332,488447004,555622686,2888638495,2897854141,2105907108,2071624573,2475067256,3250568116,3267543746,3267478211,777043906,673194018,589376034,522268207,589899555,555622173,572663329,8994,0,0,0,0,0,0,0,0,0,0,0,0,0,0,0,0,0,0,0,0,0,0,0,0,0,0,0,2846005353,2998121133,2997924788,2947724979,590050991,522133537,522067743,589373471,606282275,2862699556,2981278385,2964829618,3132864949,3082664891,3115759545,538912361,488447008,471604253,471670303,505224735,555753760,2922258206,2863972285,2206635427,2105441922,2811004795,3250700472,3267477952,3250766530,760397506,673128481,622996258,539108388,623453733,589439008,606348068,10024,0,0,0,0,0,0,0,0,0,0,0,0,0,0,0,0,0,0,0,0,0,0,0,0,0,0,0,2829425004,3031741099,2981278900,3015030963,590116016,538976290,522133024,589373727,623125284,2896582437,3014570161,3015358133,3183262904,3082796733,3132734391,555820647,488447521,505158686,538844960,538910751,589439522,2922324257,2746071228,2240386459,2156037508,2979694207,3267543483,3216949439,3200303295,710195904,707076901,774450215,741223465,926430259,1161770546,1313883972,22364,0,0,0,0,0,0,0,0,0,0,0,0,0,0,0,0,0,0,0,0,0,0,0,0,0,0,0,2829293419,3065361070,3014899126,3065625013,589984177,538976546,539041825,623059487,639903014,2846317350,3048254894,3065624503,3216751545,3116350909,3132668602,589440099,488382243,555555868,589176607,589505056,623191078,2889163813,2628037303,2172947856,1970961788,2626648439,2829823143,2526191521,2240516497,1617461120,1919575392,2189459572,2307623555,2374929806,2711656847,2846533282,42668,0,0,0,0,0,0,0,0,0,0,0,0,0,0,0,0,0,0,0,0,0,0,0,0,0,0,0,2879625069,3065295790,2998055863,3065558964,573140914,555819554,522264609,623190559,639968551,2863029030,3014832305,3065624246,3183195828,3116153532,3048389049,623257441,555754790,673522465,808069415,943142961,1111373368,2118536523,1718384000,1347639643,1061439563,1296646720,1330729553,1195723595,1061176392,2794538555,2997791658,3048650418,3082270647,3048715703,3149642417,3183328443,45500,0,0,0,0,0,0,0,0,0,0,0,0,0,0,0,0,0,0,0,0,0,0,0,0,0,0,0,2879757426,3015029934,2947265204,3048650164,573009329,589439523,555885089,623190816,673720102,2795396138,2712053673,2611126949,2594019737,2476118681,2256899470,1548899435,1447907413,1885757536,2323808624,2492831376,2728301976,1047963815,774976824,640231978,505553700,639771423,774515755,724315180,639969067,2929211429,3166288056,3200171451,3233857728,3200236478,3250634684,3233923264,47039,0,0,0,0,0,0,0,0,0,0,0,0,0,0,0,0,0,0,0,0,0,0,0,0,0,0,0,2711591285,2813045411,2660999591,2644681890,690841239,741157674,875704112,1128217145,1363756867,1953322835,1651076206,1448959587,1381192534,1296910926,1212369226,2778766724,2408420249,2694617494,2964369059,2981213874,3132798130,746698684,522265893,455024157,421141020,505027867,639902498,640100133,522199846,2996451360,3183460028,3217080256,3267543746,3233725121,3267477697,3217014722,48576,0,0,0,0,0,0,0,0,0,0,0,0,0,0,0,0,0,0,0,0,0,0,0,0,0,0,0,1987672165,1920497523,1734765682,1600481641,1549886046,1886414944,2323872890,2543161487,2643891607,1027297944,842413624,741421618,740961068,757671720,841494320,3014239631,2526387875,2661260444,2981606319,3014572982,3183393210,679525567,438051360,421140761,454694938,454629916,572662046,589636897,522068261,3047177246,3233595325,3217014721,3250700481,3250372290,3267477442,3250438082,49344,0,0,0,0,0,0,0,0,0,0,0,0,0,0,0,0,0,0,0,0,0,0,0,0,0,0,0,1111902027,1010843967,943143227,842479928,2509859641,2812584091,3048386218,3048715957,2947526323,707480741,623322663,572925478,606282275,589373729,807611177,3081348754,2543295912,2711853467,3015293108,3115695291,3200171712,679133120,437985054,421009689,454760472,471341338,555885349,606216993,538977060,3013951518,3216685497,3233726910,3233725890,3216687297,3267477951,3267411905,49598,0,0,0,0,0,0,0,0,0,0,0,0,0,0,0,0,0,0,0,0,0,0,0,0,0,0,0,673786943,623323174,673720102,606546216,2711580720,2997726633,3149575860,3132799672,2998318008,640108963,555884836,522396194,572595488,538844960,807479332,3031279255,2543230635,2762317727,3048913585,3200104120,3216883137,712425921,454762272,437786649,387454999,504895767,522266406,555885089,522199843,2980135454,3149706680,3233660863,3233923265,3166486459,3233989054,3250766016,49342,0,0,0,0,0,0,0,0,0,0,0,0,0,0,0,0,0,0,0,0,0,0,0,0,0,0,0,589506108,555885602,606348322,589636901,2762109233,2997924011,3132798134,3132469939,3015161273,640043167,555885349,522264868,572530463,572465184,857875747,3031344536,2492374442,2745276572,3082466985,3233855150,3233464256,644989121,454827296,421075226,370611990,555358997,555754274,572727587,505422628,2963227936,3166550713,3132932031,3183591613,3116154293,3233989056,3267477952,48063,0,0,0,0,0,0,0,0,0,0,0,0,0,0,0,0,0,0,0,0,0,0,0,0,0,0,0,572662585,522134306,589505313,589570850,2728686899,2964237736,3065492662,3115690670,2964566711,623134106,572662821,538976550,572530208,555687711,891364130,2930486168,2425198501,2593493138,3065360293,3116349873,3216621756,610975681,438180641,387323932,353834517,538516246,538911010,589570595,505553186,2980006689,3216948663,3149906367,3217014975,3132800185,3250700736,3250700737,47040,0,0,0,0,0,0,0,0,0,0,0,0,0,0,0,0,0,0,0,0,0,0,0,0,0,0,0,589505335,505422627,572727841,589570592,2695199028,2981079464,3048650163,3065556654,2880482998,606355862,572596771,572793381,538910241,538910751,908140833,2863115158,2425261727,2492305550,2947394471,2981673142,3216555444,627097279,438115617,387323932,370677270,504896022,555753759,606413601,539304484,3047247907,3233659833,3233923263,3233791937,3199908799,3250700479,3250766530,46270,0,0,0,0,0,0,0,0,0,0,0,0,0,0,0,0,0,0,0,0,0,0,0,0,0,0,0,572727860,505356834,572727840,589570592,2712108341,2947459496,3048517806,2998580913,2930749108,606420886,572531235,589767974,522067748,522001950,891232547,2846270871,2408354210,2492370066,2947525285,2997860279,3216686774,592951996,437918495,404166683,404363288,488184088,589243165,572859168,522396195,3081328674,3199843511,3250634686,3250634688,3216882881,3233857982,3200369346,47293,0,0,0,0,0,0,0,0,0,0,0,0,0,0,0,0,0,0,0,0,0,0,0,0,0,0,0,555885107,522265122,572727841,589636129,2711977270,2862916517,3048451242,2981673139,2930881203,623131283,572531492,589768231,538844707,538779423,975118628,2846468255,2357696418,2509212818,3014960549,3048257976,3183198140,575912381,421010208,404297498,421206039,504961562,538976797,606347807,539239205,2997509410,3183065530,3217013438,3233857729,3200236481,3250700736,3183461056,48318,0,0,0,0,0,0,0,0,0,0,0,0,0,0,0,0,0,0,0,0,0,0,0,0,0,0,0,555950642,505356578,572727840,589570081,2610919991,2862916516,3048452014,2947724726,2964567475,589378705,555753761,539304741,538909729,522067744,1025515812,2762714013,2290454689,2542832520,2964431519,3082074292,3116023232,558807742,421010462,404428825,437851670,555359004,505291039,572596253,522461477,2913886498,3132931511,3200039612,3217015233,3183459519,3233988802,3133128638,49085,0,0,0,0,0,0,0,0,0,0,0,0,0,0,0,0,0,0,0,0,0,0,0,0,0,0,0,555885103,488579361,572662047,572661536,2610788920,2930486181,3048321456,2981016249,2998121908,555889552,539041823,488775712,572463903,538844959,1075782179,2795875231,2172554144,2391769726,2880085145,3099245491,3082139581,558742463,454762272,404494362,437917207,538647836,522199072,539041820,555950116,2880004900,3183328948,3233726399,3183460801,3216947644,3217080257,3183525564,49086,0,0,0,0,0,0,0,0,0,0,0,0,0,0,0,0,0,0,0,0,0,0,0,0,0,0,0,522199084,505290528,555884832,572596255,2627632442,2930551974,3065032880,3048255926,3031609522,572731536,539042081,471801374,555752734,505224991,1126179362,2661327264,1920238489,2273868663,2930022030,3116351412,3132275382,558611648,471605283,404625949,404297751,521806110,522068001,589504286,522329890,2946918178,3233463473,3233857727,3200369086,3233659325,3233661122,3233923006,49087,0,0,0,0,0,0,0,0,0,0,0,0,0,0,0,0,0,0,0,0,0,0,0,0,0,0,0,522199083,505224992,572662047,589439009,2661188414,2879891879,3031741103,3065295024,3014700465,606219662,522199329,455024415,572595486,505224991,1092559393,1634497158,1179277669,1868518731,2794948989,3049241262,3149381041,541440703,454696227,438049308,437917719,538583327,522068001,606347296,539107363,2947117090,3132407474,3217014460,3233923007,3233659582,3233530049,3250766016,48832,0,0,0,0,0,0,0,0,0,0,0,0,0,0,0,0,0,0,0,0,0,0,0,0,0,0,0,522199340,505290528,572727584,589505057,2644346177,2862983335,2964632495,2998054827,3048321461,606153607,538976801,488644897,572595486,505290784,824123681,724710985,707537708,1094003496,2542301014,3015486885,3149774774,524335550,488250913,421141017,454957080,521870878,522067999,572727583,505552930,2947184675,3065626551,3233857469,3267412161,3233332157,3233726913,3267543489,47295,0,0,0,0,0,0,0,0,0,0,0,0,0,0,0,0,0,0,0,0,0,0,0,0,0,0,0,505422123,505290527,555884574,589504800,2627502913,2963909286,2863837874,2829296548,3065361586,589375614,505422369,522199331,572595485,522133279,589307680,404298017,538580760,690036255,2406237746,3031806120,3116416443,540784319,505224738,421009688,471734554,505158943,522067998,589504801,505553185,2930472740,3133128117,3183591871,3267412157,3182606781,3217081024,3267477954,47808,0,0,0,0,0,0,0,0,0,0,0,0,0,0,0,0,0,0,0,0,0,0,0,0,0,0,0,505422121,505290528,522133278,572661534,2610790978,2913709221,1954781354,1801477730,2896136573,539043960,539108639,522264867,555752478,471538974,472128797,320016662,404034836,521935646,2017667620,3065297574,3099440570,507097276,488447264,437918489,471603484,488185119,522198813,556015649,505553186,2997648677,3200236469,3133325503,3250634941,3132472255,3200303296,3267412674,48577,0,0,0,0,0,0,0,0,0,0,0,0,0,0,0,0,0,0,0,0,0,0,0,0,0,0,0,539042088,488513311,522133277,572727328,2644412227,2645011366,809062769,791291945,1918255675,404498535,539370267,522199331,555686943,353703967,370808599,420745491,353768981,555686681,1395204126,3065691795,3115956153,506767291,488184351,471669530,471669276,538516254,522265119,555949855,522330147,2947121447,3216620727,3149970879,3200172479,2948185280,3149839806,3250569666,49344,0,0,0,0,0,0,0,0,0,0,0,0,0,0,0,0,0,0,0,0,0,0,0,0,0,0,0,539042087,471736353,522133020,572661791,2711653703,1654499750,454762800,471538203,841293857,488120375,404429853,505356063,539040798,353571869,303174166,437654292,353703447,857610774,840965660,2965026170,3115892150,506570684,488184609,489102362,488380957,555555870,522395680,522330398,539042083,2862909990,3132734901,3200237247,3133194430,2880945601,3166747839,3233923521,49597,0,0,0,0,0,0,0,0,0,0,0,0,0,0,0,0,0,0,0,0,0,0,0,0,0,0,0,555819559,488513568,538910237,572662306,2711720268,745712037,538777369,370612504,420943383,521541658,320479779,488578585,454958366,403836948,269817626,437851667,353837608,1243420947,572267295,3031673436,3115826607,523150522,505027871,472063260,538778141,572530208,522199073,522330909,522133282,2946533159,3132997303,3217079743,3166683067,3015163585,3200170423,3149971905,49082,0,0,0,0,0,0,0,0,0,0,0,0,0,0,0,0,0,0,0,0,0,0,0,0,0,0,0,555753766,488513568,522132765,572662048,2711852111,406757031,1396840469,320083223,353505810,538120468,305480499,471538196,337189404,504565776,271787561,487985938,320549181,1192957968,471538220,3031475777,3116022953,506308540,505027871,471735324,572333085,589176350,538844962,539173664,522198561,2980546598,3200105910,3217079999,3217015229,3082469056,3216554935,3116351166,48574,0,0,0,0,0,0,0,0,0,0,0,0,0,0,0,0,0,0,0,0,0,0,0,0,0,0,0,539042086,488513568,522133021,589373471,2762315343,337742762,1063722772,286463260,303174417,655298325,307395154,353637653,252777237,1410798097,291076730,521408529,354362928,873993488,437918004,3015090991,3132931244,523085244,505093920,471669789,572333343,605756701,522133536,522527521,505421089,2880473639,3149708467,3217080255,3250569664,3149708480,3216423869,3149971388,47808,0,0,0,0,0,0,0,0,0,0,0,0,0,0,0,0,0,0,0,0,0,0,0,0,0,0,0,555885350,505356321,505355805,589439008,2812909647,320241836,591207957,286595364,252842770,537726738,356408379,252580116,235736847,1293947919,326347876,588648209,456603185,605557523,437852206,3132791077,3166420146,573285820,505224993,471604509,505290272,588913948,572530208,539238947,505421345,2847053609,3099377076,3233857471,3250634943,3166484414,3149512127,3217146300,47807,0,0,0,0,0,0,0,0,0,0,0,0,0,0,0,0,0,0,0,0,0,0,0,0,0,0,0,555885349,505356577,522198813,572596513,2812975184,303399596,505944340,286464041,235999762,420220431,338115365,202182416,202116365,858068495,341270579,639308306,641218101,471339286,437917480,3149695775,3183064504,556442042,538844449,488512796,471670046,504962076,538910242,539173408,522264100,3031536681,3200368315,3183328703,3250569407,3216816063,3082731457,3250766015,48063,0,0,0,0,0,0,0,0,0,0,0,0,0,0,0,0,0,0,0,0,0,0,0,0,0,0,0,539107875,505291040,538976029,572596513,2829687123,320574894,643243796,269686068,235999505,420220177,287519527,202182158,218827788,723785230,321531171,555487761,556017963,387322134,421074721,3065807643,3149442492,539531448,522001951,538909723,488381727,521804831,555752997,539107615,522198822,3048313642,3200302778,3132865725,3233661116,3200104896,3166814401,3250766015,49087,0,0,0,0,0,0,0,0,0,0,0,0,0,0,0,0,0,0,0,0,0,0,0,0,0,0,0,538976547,505356064,522198557,572530463,2829622616,339453358,726869015,269554721,269685265,420285715,288049727,235736337,235801869,774247694,304364341,572068111,421406001,353701906,404231712,3099428377,3115887549,539465654,538910495,555752220,522133279,538713636,538910499,555754016,522133541,3065158187,3132931259,3082469054,3200106429,3048979904,3183395005,3250699967,49343,0,0,0,0,0,0,0,0,0,0,0,0,0,0,0,0,0,0,0,0,0,0,0,0,0,0,0,538910755,505356063,538909980,589373471,2812715356,562146477,708192280,286331417,252908305,621939984,304630591,286331667,219025167,1025709325,305681526,756552209,405550904,387321872,404296990,3099562523,3048780474,556241848,522067486,538844700,522527006,555754277,522199331,572465951,522264355,3098780204,3116219577,3065888701,3216818622,2914435009,3199975349,3233725631,49088,0,0,0,0,0,0,0,0,0,0,0,0,0,0,0,0,0,0,0,0,0,0,0,0,0,0,0,539041570,488578848,505355548,622927902,2778963550,1789242795,489103399,303174422,269554450,823725841,270351672,505289750,252909337,1227233039,288962642,723063314,389231662,487985681,437983264,3099368223,2998384823,522619574,522002206,505421341,522329629,572596517,522068514,589441314,505553187,3048449840,3183328698,3166748606,3233792701,2931080896,3182738606,3250503101,49088,0,0,0,0,0,0,0,0,0,0,0,0,0,0,0,0,0,0,0,0,0,0,0,0,0,0,0,538976289,505355807,522067485,622928159,2762186076,2678696874,455754881,353703448,1009130776,588846131,253045808,522067225,371007261,925176849,287516990,538579731,371466532,622269715,404297500,3065422631,3015293365,522553526,505159456,522198814,572661021,572727334,555557152,555756065,505488674,3048646708,3166486201,3216883645,3233857726,2914499771,3149118128,3250569404,48830,0,0,0,0,0,0,0,0,0,0,0,0,0,0,0,0,0,0,0,0,0,0,0,0,0,0,0,522264352,505290015,538910494,656548384,2795871582,2829757354,1653184678,1161840984,2542300238,353704790,387456799,522067230,471867165,689639444,269820993,555357458,353902127,773396502,404298009,3065490749,3048782772,505643700,488381727,488709661,538975004,606346786,555425570,555820322,488646433,3031935032,3099376567,3233726139,3233726143,2931406012,3065361842,3233857469,48573,0,0,0,0,0,0,0,0,0,0,0,0,0,0,0,0,0,0,0,0,0,0,0,0,0,0,0,522264608,488447518,555753502,673391136,2745277025,2863311528,2796333994,2661131176,2930747293,387719769,505620256,538844447,505421853,403836956,286333732,689772051,336995122,656283669,454695448,3132732770,3082533811,522418611,505092896,522526493,522197787,606281248,572333860,538977826,522134817,2914101560,3149839542,3217014460,3149577664,2931011773,3015291057,3200105404,49341,0,0,0,0,0,0,0,0,0,0,0,0,0,0,0,0,0,0,0,0,0,0,0,0,0,0,0,522198816,488513054,555753245,690102817,2711525216,2880286118,2998121136,2980884662,3015226030,505488472,539239458,522067487,522133020,353506589,320018203,588977173,303375139,472061974,622467609,3031873416,3048715433,488863413,572202014,539304223,538975259,622992670,538844965,522200353,538977571,2997855803,3200039608,3183394749,3099377599,2914432960,3065622197,3183130553,49597,0,0,0,0,0,0,0,0,0,0,0,0,0,0,0,0,0,0,0,0,0,0,0,0,0,0,0,522133279,488447775,538910750,673259808,2812516705,2947526569,3065295281,3048255928,2998514609,538977108,539173153,505290271,538976027,522001181,337584163,521999123,320018971,388177176,1109269273,2998450342,3048714662,472151220,521936416,522330911,522132762,589241631,522001955,522134817,555754018,2997987137,3166091451,3183395004,3166682815,3099246015,3065886139,3199973302,49856,0,0,0,0,0,0,0,0,0,0,0,0,0,0,0,0,0,0,0,0,0,0,0,0,0,0,0,522198559,505224734,522133022,673259808,2812583269,2880351915,3031608750,3048453046,2964828847,538976849,539107616,505355806,538910493,589503774,387981347,521933329,387192087,454762524,1915953180,3099441845,3048584882,505769910,522198816,572728095,589504797,522132256,538844706,538978079,589439522,3032003913,3099113911,3183328699,3217079487,3200106428,3065953724,3216684983,49601,0,0,0,0,0,0,0,0,0,0,0,0,0,0,0,0,0,0,0,0,0,0,0,0,0,0,0,522133023,488447262,538844958,706748704,2761857382,2812980395,2981276843,3031807415,2863903408,572596558,522330145,538975773,522133535,572661277,908337186,404100124,471405846,555621406,2539139875,3149773240,3132536761,572679863,522395167,606348320,589571104,522198051,505355815,555951393,555885091,3048912971,3166223285,3216948157,3250634176,3250634428,3133194426,3233462202,48831,0,0,0,0,0,0,0,0,0,0,0,0,0,0,0,0,0,0,0,0,0,0,0,0,0,0,0,522198558,505224479,522133277,723460384,2761790566,2880286123,3031675054,2981279415,2796531887,589504843,522330145,555687454,488448031,572661276,2066489635,792218475,522265130,791160097,2927319613,3149576893,3149445304,572481974,488709151,623059230,539173919,555884322,522330152,572924452,555950627,3048253256,3183327928,3199973563,3233922750,3233921980,3200172477,3233660093,49086,0,0,0,0,0,0,0,0,0,0,0,0,0,0,0,0,0,0,0,0,0,0,0,0,0,0,0,522198559,488447264,555818782,740368929,2812057189,2913971884,3098718895,2930685110,2595073451,589439811,505421601,522067485,471670557,572530459,2318344226,1854839964,1027426139,1396982335,3097328482,3132668863,3132799672,589390263,471735839,589504285,455025181,522395424,522198820,572858914,589570852,2980815944,3200301496,3183327932,3217145533,3065822141,3216752315,3233857213,48830,0,0,0,0,0,0,0,0,0,0,0,0,0,0,0,0,0,0,0,0,0,0,0,0,0,0,0,522198816,505355807,555819038,773988898,2828967018,2947657646,3115561136,2930882231,2494607789,572662590,522133282,488447261,471736092,572530460,2284790049,2241963932,1364548458,1834966102,3115357054,3132800188,3116087995,606165940,471867934,522264349,488513818,522394912,522133022,539173152,589505572,2981409876,3217079223,3183328957,3233857215,2947923137,3166220978,3233857468,48575,0,0,0,0,0,0,0,0,0,0,0,0,0,0,0,0,0,0,0,0,0,0,0,0,0,0,0,539041825,538976032,555819039,824386338,2862850417,2964566448,3115758516,3065428665,2545465013,589374267,522198818,471670301,505356060,572661790,2335253283,2342888606,1516068459,2071095905,3149374863,3099244474,3082204856,606230450,488908318,505487135,471801883,505421089,538976030,505552673,572728101,3048780889,3166551226,3183329467,3250634175,2981478081,3099177909,3183263677,49086,0,0,0,0,0,0,0,0,0,0,0,0,0,0,0,0,0,0,0,0,0,0,0,0,0,0,0,589636901,522264864,555884832,874717729,2913378421,2981343665,3082270131,3132668344,2595862713,606217019,555884835,538910495,555885343,606610210,2402689831,2359863717,1633773169,2256104548,3099242903,3015095735,2981409202,623007152,505685022,488775967,471998494,505552672,572464925,555949859,556081958,3031543389,3133128123,3216621498,3267542718,3082469057,3099508156,3183067071,49344,0,0,0,0,0,0,0,0,0,0,0,0,0,0,0,0,0,0,0,0,0,0,0,0,0,0,0,876298048,623520814,572794147,925049377,2913378426,2947592112,3015030196,3098917049,2595862713,572663098,572793378,589373984,555885859,640296481,2419598376,2376641700,1701407606,2339925605,3099441575,2964371131,3015226547,623137463,522396191,505553695,472064286,572792863,555687453,589504545,555950885,3081940572,3116219577,3233660602,3250700479,3082534849,3065823167,3183197625,48831,0,0,0,0,0,0,0,0,0,0,0,0,0,0,0,0,0,0,0,0,0,0,0,0,0,0,0,1920629886,1449027435,960579147,1110520886,2744753018,2863377575,2998121651,3048519608,2495002037,539042613,555950368,555753760,539042336,657204512,2503681062,2392500382,1802332789,2474537834,3149905331,3031545534,3048912565,589582266,589571363,555951394,505881376,606413342,522199326,606412833,522200104,2964236638,3149707957,3233726140,3233857728,3133063615,3116220608,3166616763,47547,0,0,0,0,0,0,0,0,0,0,0,0,0,0,0,0,0,0,0,0,0,0,0,0,0,0,0,2762120603,2644418979,2089521302,1601140088,2104718183,2543030406,2964170401,3014833587,2427696305,539042354,539107615,522133792,539041822,640427040,2655134757,2375263135,1903128181,2727442800,3200040371,3149445055,3032134066,539184313,606282785,572794147,589636897,656679200,522265635,623256355,555688745,2964499041,3200170678,3200040125,3183394239,3166550716,3217079487,3183394494,47803,0,0,0,0,0,0,0,0,0,0,0,0,0,0,0,0,0,0,0,0,0,0,0,0,0,0,0,2879823774,2879957418,2762714029,1973527201,1229144388,1650153039,2256172138,2576585098,2275910815,572728628,538976288,522133535,522264862,606675488,2722505765,2442896801,1937012860,2828632950,3216883126,3166354624,3082399922,488851636,555754016,522528036,589439775,572595230,522265121,623321889,555819817,3014896751,3132931253,3216948926,3183460543,3082465978,3149704891,3166682806,48570,0,0,0,0,0,0,0,0,0,0,0,0,0,0,0,0,0,0,0,0,0,0,0,0,0,0,0,2879954586,2779228843,2897194411,2041424808,690431796,841952812,1195326261,1549029707,1836083556,876758611,640166703,522265380,555885598,589767457,2672108325,2426250142,1987475838,2929824383,3183393462,3115826877,3132469681,522471088,538779683,505685283,538911007,505224225,505355549,606412575,572531239,2998251125,3065757111,3166617275,3233857214,3099376574,3082332597,3183458226,49083,0,0,0,0,0,0,0,0,0,0,0,0,0,0,0,0,0,0,0,0,0,0,0,0,0,0,0,2863243934,2712251563,2964433829,2041556138,572728111,623125540,724051493,791358509,1480078643,2123600523,1668118139,1095062104,707671094,623454504,2655266342,2308085652,2004186491,2947324550,3133062583,3149446840,3098916021,556221616,539108390,505618975,505356831,522068001,488643613,606347040,572465446,3048713851,3183394231,3200171197,3233857468,3132932032,3032134833,3216880823,49085,0,0,0,0,0,0,0,0,0,0,0,0,0,0,0,0,0,0,0,0,0,0,0,0,0,0,0,2880021922,2796399786,2981145251,2007804844,522265135,589373986,639902241,639902758,1428563240,2762648220,2812914600,2577244836,1870301583,1415735657,2387362380,2139259521,2004185464,3014630793,3133063357,3166223285,3082204091,572998322,522594853,488709919,522134049,505290784,522198045,606543648,606150949,3115758972,3166682042,3200040125,3233661118,3149578177,2981673392,3200039870,48318,0,0,0,0,0,0,0,0,0,0,0,0,0,0,0,0,0,0,0,0,0,0,0,0,0,0,0,2879956387,2914102441,2997856938,1974053805,555885359,572662050,589439265,606282018,1512251942,2863443363,3031610028,3031938741,2880090546,2796268713,1414632353,1515869010,1683838039,2929625461,3149708214,3166354358,3099243708,522469297,539240739,488578848,538976545,505225247,539040797,606412833,639836966,3132471430,3183525564,3233660093,3267346622,3166355393,3048717236,3166617793,48319,0,0,0,0,0,0,0,0,0,0,0,0,0,0,0,0,0,0,0,0,0,0,0,0,0,0,0,2812913313,2981145768,2980948913,1906879148,589505325,572662051,589439521,606282273,1629626660,2880088487,2997793452,3132864951,3115497912,3048913335,743222711,741288746,875571754,1784236862,2525855347,2880022173,3048648626,522402481,539043617,505356064,555687969,505225247,538975518,572727072,656614437,3115956374,3183197371,3250634685,3250699708,3200040897,3183197625,3166618050,48576,0,0,0,0,0,0,0,0,0,0,0,0,0,0,0,0,0,0,0,0,0,0,0,0,0,0,0,2829690530,2896997029,2930551982,1856612777,589570859,589439522,555885089,606282273,1730355491,2896800677,3031347886,3132733367,3183000251,3065756347,625586108,539107617,505223707,875374627,1229142581,1650284623,2189194350,876631177,657141806,555885861,606019874,538911264,555949855,572858915,673260837,3149642395,3149708731,3233923517,3217079485,3200237761,3217014206,3166552257,49087,0,0,0,0,0,0,0,0,0,0,0,0,0,0,0,0,0,0,0,0,0,0,0,0,0,0,0,2880021923,2796202151,2863442599,1806281385,572728105,589505315,522199586,589505313,1696866594,2880022943,3081941421,3132733366,3115824573,3099310009,591703742,454893085,421074713,690102044,707405093,791555370,1010382899,2527042129,2038664076,978015848,707080499,572662819,623321638,556081703,706749732,3149445273,3149905852,3233791677,3200171455,3183460801,3217079487,3149643195,49343,0,0,0,0,0,0,0,0,0,0,0,0,0,0,0,0,0,0,0,0,0,0,0,0,0,0,0,2930484900,2796136617,2897259427,1772727213,572728104,589505315,538976803,589505313,1713643809,2846337956,3048255146,3115957176,2964501690,3166418868,557887422,471604765,421074970,605887771,572662048,606414113,623257638,3082268226,3031873719,2644945584,2088866197,1230135403,825506373,657074479,723658277,3098982558,3133127864,3233725627,3200237503,3183329472,3183590847,3149839285,49341,0,0,0,0,0,0,0,0,0,0,0,0,0,0,0,0,0,0,0,0,0,0,0,0,0,0,0,2863244191,2812783017,2930682019,1705487534,538976808,572728098,538976803,572728097,1747263779,2711792286,3048059049,3048783032,2863183542,3183196083,557558203,454761500,454760731,521936157,538910493,555950623,555885857,3149706562,3149905854,3149774270,3031742393,2812980913,2358483364,1550742658,977358163,2880087188,3082597549,3200105142,3233923263,3216752831,3116350911,3183460020,49341,0,0,0,0,0,0,0,0,0,0,0,0,0,0,0,0,0,0,0,0,0,0,0,0,0,0,0,2812649887,2863180712,2863310760,1638181034,505356838,555884833,572596256,572727842,1814438178,2644551072,3098718888,3065691066,2896344502,3183195830,540517560,454695964,454826523,521870620,623190301,555884576,555754528,3166549320,3200236987,3200303040,3200040639,3183328700,3099179196,2897392565,2040702888,1919639900,2442364026,2980881303,3200171449,3216883645,3032464573,3149840054,49085,0,0,0,0,0,0,0,0,0,0,0,0,0,0,0,0,0,0,0,0,0,0,0,0,0,0,0,2778898589,2863311527,2863179947,1587783336,538911012,522264865,572595998,572727586,1898324002,2711791269,3048321704,3065755577,2997727925,3132863411,540384948,471473437,454760987,505027611,589702940,555753502,538976800,3166483790,3233790655,3200237760,3233791936,3250634686,3217080256,3166551997,2411379386,943535159,1128676666,1885558347,2458485885,2929763479,2981672368,3116088249,48572,0,0,0,0,0,0,0,0,0,0,0,0,0,0,0,0,0,0,0,0,0,0,0,0,0,0,0,2779095966,2880088485,2913708715,1537255337,538911011,522264864,589373215,606216482,1965563938,2779293862,2981081773,3031675573,3082071733,3099309493,540187059,471408156,454760986,521804828,505685019,538910750,522330912,3099243856,3250634688,3200303553,3183591357,3233856704,3233989313,3250635457,2445065152,674113582,690628647,892349740,1161903417,1632851788,2256369001,2812451217,45228,0,0,0,0,0,0,0,0,0,0,0,0,0,0,0,0,0,0,0,0,0,0,0,0,0,0,0,2762384542,2829756068,2930616742,1503439273,538976805,505356576,589307935,606150689,1965695267,2863507870,2981147565,3014965686,2964565166,3099243956,523146678,454565146,454760985,538582044,505487131,555688222,539109154,3082401109,3250699964,3183591874,3183591609,3250699969,3250766274,3267478210,2294201536,573121323,623125283,673654309,673720359,791227689,1111439667,1532054342,29539,0,0,0,0,0,0,0,0,0,0,0,0,0,0,0,0,0,0,0,0,0,0,0,0,0,0,0,2795741082,2796135843,2897061796,1503372968,555819812,505422370,572464927,589373216,2049712419,2880483235,3048584365,3048979639,2746134189,3115692461,489395385,454564889,488380952,505158684,505355802,555557150,522331937,3116152158,3233855672,3200369088,3233923255,3250766271,3267543234,3233726657,2143337664,522461226,622994466,589571106,606348066,589243686,690563366,774645803,14384,0,0,0,0,0,0,0,0,0,0,0,0,0,0,0,0,0,0,0,0,0,0,0,0,0,0,0,2812583579,2829821606,2897062825,1452646823,555819555,522133794,538844958,555819039,2183995171,2812980650,3065427114,3048979128,2695606450,3099046317,455708856,421075995,471472663,505223964,488513050,538844957,538911518,3116021343,3217078201,3233857727,3250634683,3233923776,3267476672,3233660609,2109783745,522067754,622928673,589440034,556015906,505226274,555885344,606281762,9250,0,0,0,0,0,0,0,0,0,0,0,0,0,0,0,0,0,0,0,0,0,0,0,0,0,0,0,2863047328,2896997547,2913972657,1402183849,572597026,522264865,538844703,555818784,2167217954,2779162790,2997924521,3048847542,2812850099,3048780467,455577524,437918748,437918231,454826779,488447771,522264348,522134560,3132929383,3183525310,3250634687,3233923005,3233923521,3250633919,3250372288,1992277440,538845995,555754273,572662305,556146721,488383008,488579615,555687197,7967,0,0,0,0,0,0,0,0,0,0,0,0,0,0,0,0,0,0,0,0,0,0,0,0,0,0,0,2846335906,2964303532,2880417970,1368498856,555950883,522133536,555687198,572596256,2133663267,2812782757,2981212586,3082336432,2947002547,3031870900,438668466,437787421,421141015,438050075,488513051,522330139,572465953,3132798573,3216882877,3183591617,3183590331,3250503616,3233857216,3233726143,1807727295,572466221,538977825,539041568,606347295,488251425,488579616,522067230,7712,0,0,0,0,0,0,0,0,0,0,0,0,0,0,0,0,0,0,0,0,0,0,0,0,0,0,0,2779029665,2896997286,2846533803,1351656360,555885348,505356064,555687710,606281760,2167479844,2846600102,3065426346,3132667827,2963583413,3015092145,455313072,421141276,421075735,454892827,522133531,505487133,572465699,3099113843,3233462716,3133259968,3183327160,3216816064,3217079744,3233922750,1723840957,589243437,555885600,572662050,606347297,471473697,488579102,505421087,7711,0,0,0,0,0,0,0,0,0,0,0,0,0,0,0,0,0,0,0,0,0,0,0,0,0,0,0,2762121122,2796137125,2879890596,1318167720,555885862,488447777,538976030,623059231,2133990945,2813243042,3082006439,3099048121,2846537143,3014436267,472089007,421141532,404298519,454892570,505488155,522133279,572465443,2931538296,3183065780,3133259967,3200039098,3233592768,3217079233,3217146044,1606138301,622994219,556016416,589373474,572661792,454761761,505225502,538975775,8224,0,0,0,0,0,0,0,0,0,0,0,0,0,0,0,0,0,0,0,0,0,0,0,0,0,0,0,2812650402,2779425448,2880088999,1301389991,555820070,505224736,555753247,606347807,2184453664,2846730144,2981146792,3048782262,2796532662,2963777965,505643436,437918749,404232472,421337627,488579867,555621662,572465699,2965026684,3082599606,3200434367,3183328187,3216948158,3200302274,3200303549,1539095997,673260585,555950628,572464927,522526496,471473440,538779677,539041054,8479,0,0,0,0,0,0,0,0,0,0,0,0,0,0,0,0,0,0,0,0,0,0,0,0,0,0,0,2812519073,2779359399,2829626281,1267901606,538976548,522001951,555818786,606282271,2352422689,2846401959,2964303784,3015293110,2779622067,2947394995,539197614,454827037,404232216,404429081,471802393,522067486,572465955,3115955584,3133128124,3250700224,3183460029,3217080509,3149905346,3217080511,1505673150,639705638,522264868,538844702,505749278,504962590,522002207,555818269,8222,0,0,0,0,0,0,0,0,0,0,0,0,0,0,0,0,0,0,0,0,0,0,0,0,0,0,0,2762055585,2812782245,2779162282,1251059619,522133795,555556383,539107105,589504799,2369199906,2896866732,2964434345,3065624756,2812914610,2981343149,555907248,471604511,370743065,421206296,471736089,522133279,572532001,3216816519,3183459774,3267280831,3200368831,3200303549,3200171714,3217080257,1471987904,589308711,538976545,538844703,522330143,505094942,522068769,555752476,8222,0,0,0,0,0,0,0,0,0,0,0,0,0,0,0,0,0,0,0,0,0,0,0,0,0,0,0,2728370079,2880285093,2796136617,1200596643,522199588,522067488,522264353,572530719,2285379616,2846600873,2897194151,3099178416,2880353973,3031871146,589459632,488578595,404495387,421140761,488447768,555687456,589309217,3149707659,3233725885,3250634943,3200237502,3200238013,3216883906,3217014978,1371193280,572465959,522133279,538910241,622993184,488317213,522067743,555686943,8480,0,0,0,0,0,0,0,0,0,0,0,0,0,0,0,0,0,0,0,0,0,0,0,0,0,0,0,2728501664,2829887654,2762649004,1133357220,538976546,505290273,538976031,555753504,2336038944,2762582693,2896997027,3082336177,2880616888,3014831794,639856818,993999154,977091639,371075891,522264087,589373216,622929187,3048846988,3233658811,3217145791,3217014974,3217080767,3250569666,3217080514,1287110081,639706152,539041567,522264099,589307678,505225245,522067742,589241633,8482,0,0,0,0,0,0,0,0,0,0,0,0,0,0,0,0,0,0,0,0,0,0,0,0,0,0,0,2762319009,2796005542,2762451625,1082828709,538976289,488513314,539041311,555753248,2521047585,2762713509,2981211554,3015227575,2863904438,2964171188,1261597103,1987671143,1599429997,507598433,589437973,656679718,639837733,3048912275,3200038842,3133259456,3233792190,3217145792,3267477950,3183460034,1202962113,622994983,539106848,505486883,572464924,555491614,505224733,538844446,8224,0,0,0,0,0,0,0,0,0,0,0,0,0,0,0,0,0,0,0,0,0,0,0,0,0,0,0,2745410209,2779360423,2762385317,1032168868,555819297,522067745,555949855,538976289,2672370465,2796070568,2998054560,3082402231,2914169784,2981013936,1885240239,2391639419,1415608715,1231253612,606017310,724052008,740632873,3149707937,3216883387,3166747329,3200236735,3217145023,3267412410,3183526082,1152696255,606415143,572727072,505552674,522133789,605822752,471801631,522067228,8480,0,0,0,0,0,0,0,0,0,0,0,0,0,0,0,0,0,0,0,0,0,0,0,0,0,0,0,2728435873,2762846121,2745606817,998286500,555885090,522133281,555950112,555819039,2605261601,2762385578,2930616741,3132733365,2880616122,2846336939,2104852125,2694353286,1568577442,1803123545,555358021,707406888,841493289,3183393959,3233726399,3233791169,3149839551,3200367549,3267280825,3217211584,1052032959,556215079,555949856,522264611,488513310,538647582,488579359,522001436,8480,0,0,0,0,0,0,0,0,0,0,0,0,0,0,0,0,0,0,0,0,0,0,0,0,0,0,0,2745214114,2779557545,2745606559,930914722,538976546,538976032,623321632,623322917,2420646692,2610536095,2930616478,3132798133,2830416571,2458881174,2289924233,2946934422,1973137588,2106290258,487925608,724249895,891890474,3099508392,3200302784,3250700224,3183066558,3217145791,3250437307,3250766015,1018479041,556214566,556081184,522264865,488513568,538713375,505421854,522001181,8225,0,0,0,0,0,0,0,0,0,0,0,0,0,0,0,0,0,0,0,0,0,0,0,0,0,0,0,2778899617,2779425190,2695209890,880517533,522199073,589373216,1397372970,1078744920,2404067892,2407955588,2947258003,3115955125,2477767098,2408087419,2374009237,3098717851,2377104831,2291424351,454379636,774843429,975908141,3132931756,3183525823,3217146304,3216752061,3200171711,3216817855,3233923264,1001701569,556148261,555950626,505422367,471736608,555425053,505552670,589110303,7972,0,0,0,0,0,0,0,0,0,0,0,0,0,0,0,0,0,0,0,0,0,0,0,0,0,0,0,2778964638,2812914341,2712249765,880452509,522199330,1109925921,2290646378,1769440135,2220377946,2509207406,2928576159,3065492147,2074260407,2610138235,2374409129,3233525660,2663236291,2492748405,404643449,808462882,1059991343,3233856946,3183526080,3183591873,3216882876,3216949435,3199909825,3217080257,968081344,589571110,539108129,488579359,455090463,572136221,488775199,538778656,8482,0,0,0,0,0,0,0,0,0,0,0,0,0,0,0,0,0,0,0,0,0,0,0,0,0,0,0,2728435611,2812979876,2745804710,897295775,505422115,2337744161,2695144865,2089260187,1650089837,2576644190,2641533098,2964435379,2123277745,2929892236,2308024758,3284185499,2831270851,2693026693,355495038,791488799,1143942958,3200303287,3217146048,3233989058,3116350654,3233791929,3216751553,3166420674,917422527,589767974,522264864,488579104,471866910,521804318,555686942,522133024,8226,0,0,0,0,0,0,0,0,0,0,0,0,0,0,0,0,0,0,0,0,0,0,0,0,0,0,0,2728434842,2829822373,2762451109,880387232,539107876,2963032867,2914170807,2240650405,1381854328,2660331598,2088482229,2425590936,2391180942,3132336029,2241574333,3284250008,2931999683,2842778768,340161925,791422748,1177497135,3200369082,3250700224,3233989314,3116482752,3233659832,3216752065,3200237506,900710591,539502374,522330402,505421344,488840991,488184861,555621406,555753247,8226,0,0,0,0,0,0,0,0,0,0,0,0,0,0,0,0,0,0,0,0,0,0,0,0,0,0,0,2711592348,2846730918,2745607845,846569890,555950883,3199568175,3082797248,2257494443,1365405306,2861589831,1586282687,1936744795,2458287737,3250565535,2191570366,3267142546,2982265539,2774360463,424900744,808133659,1194208560,3233988790,3250700225,3217212098,3217080766,3233528760,3116220096,3233923264,883343295,539305255,522265378,522133024,539238175,505027613,538713376,555687710,7714,0,0,0,0,0,0,0,0,0,0,0,0,0,0,0,0,0,0,0,0,0,0,0,0,0,0,0,2661128856,2813111205,2762384803,812753060,589505571,3250497869,3183657666,2324866736,1399156861,3046070089,1519894978,1952926787,2441576055,3267408540,2208609983,3266880141,3066216641,2622580116,559839111,824910617,1194143281,3200368563,3233922497,3250766529,3217080764,3233265592,3133128382,3217146304,815972799,589570855,522199841,505486624,555950370,488184606,505159199,522067485,7457,0,0,0,0,0,0,0,0,0,0,0,0,0,0,0,0,0,0,0,0,0,0,0,0,0,0,0,2492039287,2796136607,2779227555,745381541,572662305,3267343719,3233989571,2341512115,1466462848,2994621261,1621082560,1935623747,2424404085,3250434456,2225845950,3266815625,3082928064,2622187669,627210120,891888919,1227697458,3149906357,3233920703,3267543745,3200302781,3233594045,3183394494,3217081025,765181885,572728358,505553953,505421602,589440034,454630690,505224734,505224989,7967,0,0,0,0,0,0,0,0,0,0,0,0,0,0,0,0,0,0,0,0,0,0,0,0,0,0,0,1818186055,2677706364,2829756065,711564453,589373985,3267408751,3233989571,2206702516,1449487996,2910078030,1620754364,1800947013,2323346290,3216814486,2209134526,3283460999,3015753921,2672519314,694121606,858334489,1294740785,3166683316,3250563263,3250766018,3149970110,3217014205,3149709503,3250700993,764985021,572728615,505685284,522199073,555688224,454696481,488448030,488513053,8221,0,0,0,0,0,0,0,0,0,0,0,0,0,0,0,0,0,0,0,0,0,0,0,0,0,0,0,993274921,1969838152,2643954558,694656673,606216738,3250367594,3200500675,2021560746,1381918578,2926723148,1536475072,1633044293,2188865899,3216878483,2158541503,3283327873,2965422531,2705876621,744189827,824714525,1395207216,3200368311,3250502081,3250766273,3200299711,3217080254,3183329472,3233858239,781434559,572728615,539436837,522264864,538911263,471539488,488448028,505355039,7965,0,0,0,0,0,0,0,0,0,0,0,0,0,0,0,0,0,0,0,0,0,0,0,0,0,0,0,639902499,1127952169,1902335306,710903419,606282531,3216483158,3150103491,2038271912,1314414957,3010936647,1435352514,1633241669,2155245671,3233457294,2023865791,3232535419,2915156160,2571526026,777480315,791292445,1378363952,3217145528,3200237761,3250766528,3199906496,3217145535,3216883392,3217081025,797621183,555951399,573057058,488776480,522265118,454828063,488578845,488512544,7966,0,0,0,0,0,0,0,0,0,0,0,0,0,0,0,0,0,0,0,0,0,0,0,0,0,0,0,555819297,690430754,1026895660,1079071558,623390262,3249375547,2965095363,1970833312,1297571178,2994620486,1400615874,1751407185,2171957867,3199704720,1922416316,3031011961,2814492086,2487769474,776953970,791358236,1395075374,3183459505,3217080253,3250766273,3199449791,3200301503,3233398207,3250700736,780581566,589440039,589571616,488842017,488972316,454827037,471866910,488512546,7454,0,0,0,0,0,0,0,0,0,0,0,0,0,0,0,0,0,0,0,0,0,0,0,0,0,0,0,539042081,572595999,673588260,2052403497,1112695413,3080481084,2645540798,1853062285,1331322726,2860801610,1802347454,2341704588,2189000322,3014432911,1787082424,3031277944,2595994811,2370916472,759520104,774449180,1495803948,3183328180,3217079737,3250700737,3166420927,3233791421,3233529792,3250634431,763345087,589505322,572728608,488710434,489037339,471538460,471801631,471735842,7711,0,0,0,0,0,0,0,0,0,0,0,0,0,0,0,0,0,0,0,0,0,0,0,0,0,0,0,555884576,522133279,589439265,2421893412,2257490325,2727703670,2375986091,1853126787,1499358057,2609411676,2439941549,2863640490,2039259560,2744552063,1752539829,3114704249,2309733312,2002799210,691821150,774448671,1562847021,3166485171,3183459773,3250634945,3049177021,3250568888,3200172480,3183524799,745913020,572728623,555951393,488644641,488643868,521870111,522067229,454958623,7711,0,0,0,0,0,0,0,0,0,0,0,0,0,0,0,0,0,0,0,0,0,0,0,0,0,0,0,539041823,538976287,589439265,2455578400,2610468247,2661916057,2240713365,1853060220,2120702054,2357163629,2826927509,2914037934,2124918193,2441509228,1819446952,3182008701,2174859714,1735280739,573986138,740894495,1713907503,3099506356,3200237246,3250569153,3082796989,3250569145,3149971647,3166747326,745388986,572728360,572728354,505290528,471735326,488315676,605756956,454958112,7965,0,0,0,0,0,0,0,0,0,0,0,0,0,0,0,0,0,0,0,0,0,0,0,0,0,0,0,522264608,555819039,589504801,2506172449,2644087704,2880481438,2274202784,1904115584,2439792217,2205644171,2862711688,2981278124,2645536432,2256367476,2021032336,3131807363,2056827071,1635012955,456018521,724051745,1848059692,3065951668,3200302778,3233923520,3200302782,3183132348,3015491008,3200103608,728414652,539042340,606283044,471670304,455023645,488446746,589045787,454827039,8224,0,0,0,0,0,0,0,0,0,0,0,0,0,0,0,0,0,0,0,0,0,0,0,0,0,0,0,522133279,572661791,589504801,2556701217,2694616475,2813045153,2711264934,2560859548,2002872708,2306769282,2947260566,3031806636,2880285870,2340586904,2088269705,2980550022,1921819571,1601333586,455621719,723986725,1814570795,3132733874,3216752056,3183656895,3200105150,3149315260,2931277503,3182998709,711375549,522199586,572662561,454827295,488709660,488446495,538648094,437918750,7709,0,0,0,0,0,0,0,0,0,0,0,0,0,0,0,0,0,0,0,0,0,0,0,0,0,0,0,505290271,522067742,572595999,2573675809,2761923230,2728896932,2879497127,2913838506,1111920040,1935562571,2879690373,3082203819,2880154801,2678171045,2020367507,2745077633,1702990753,1550547034,555822668,740829992,1847994155,3149510320,3132800443,3166682814,3099112634,3183131577,3015097787,3149117875,694467516,522134049,522134049,454761501,488578075,521869856,505224735,437918748,8476,0,0,0,0,0,0,0,0,0,0,0,0,0,0,0,0,0,0,0,0,0,0,0,0,0,0,0,488381726,522001949,572530205,2573807136,2660997533,2812979875,2779031977,2880021414,674860458,1060253740,2087607627,3014369422,2897129397,2846469544,1699495573,2526447221,1601472402,1382184049,622732088,740764201,1915036969,2897326512,3132799418,3217014718,2913906619,3216882355,3116022970,3082075319,710785978,538911522,488579362,438049821,471670044,588978461,555556642,454695964,9245,0,0,0,0,0,0,0,0,0,0,0,0,0,0,0,0,0,0,0,0,0,0,0,0,0,0,0,471604510,505158940,555687197,2590977568,2593690779,2896798877,2644617642,2812714907,590645930,639902243,1043737898,2205245262,2913639831,2964238248,1127298194,2257089885,1785164928,994992752,639704617,723789863,1931747878,2880745647,3199907766,3250700480,2829956541,3200040114,3133062074,3115957689,727037367,505225762,471671074,421207068,488382493,555358495,505291038,505093661,8990,0,0,0,0,0,0,0,0,0,0,0,0,0,0,0,0,0,0,0,0,0,0,0,0,0,0,0,454892830,505224732,538975774,2490314528,2644218772,2829361051,2594350505,2879757208,556960687,539041825,606347555,1127690025,2238996306,2896665997,690433419,1381254969,1178813769,640695107,589306911,673261348,2099454245,2897720240,3166485176,3233791936,2981739197,3132734643,3166747576,3183393980,743485625,522002977,471736607,437984282,454893598,471669280,488381983,555622686,8222,0,0,0,0,0,0,0,0,0,0,0,0,0,0,0,0,0,0,0,0,0,0,0,0,0,0,0,454827037,522133277,522067230,2456695328,2660930194,2778963866,2678366885,2930023840,573803955,522264354,505290273,656679714,1127755562,2104384846,556216180,657008936,589307939,505159713,505289757,589309216,2082676772,2998187179,3149707195,3166551742,3149839547,2998646451,3183525562,3183459262,726183355,538910753,488513311,437919003,438181406,471669535,488513311,538845469,8221,0,0,0,0,0,0,0,0,0,0,0,0,0,0,0,0,0,0,0,0,0,0,0,0,0,0,0,454761502,505356061,555687711,2490381088,2576781972,2778963608,2795807908,2946933675,590514352,539172898,505290530,589373215,690299682,1060450348,1062363989,505686577,420877850,504961304,488710175,555754529,2200313893,3132602029,3200104892,3183328702,3183263676,2998515375,3133062842,3183524538,709078460,522133537,505356063,437985308,454958623,505355037,488644380,522067228,8223,0,0,0,0,0,0,0,0,0,0,0,0,0,0,0,0,0,0,0,0,0,0,0,0,0,0,0,454827037,505290269,555687710,2456761120,2509606803,2745277074,2711199906,2896668071,590315436,555949857,522133797,538976288,606216735,606348581,2459277139,776366465,404233508,488118551,505422367,555754016,2284397091,3032068268,3149839543,3216949182,3115892411,3082401452,3082468535,3149904825,692036538,555819041,488579361,438050844,471538718,505158169,488512796,538975260,8735,0,0,0,0,0,0,0,0,0,0,0,0,0,0,0,0,0,0,0,0,0,0,0,0,0,0,0,454827293,488381469,538844444,2473735456,2526318741,2728434323,2475661214,2779095450,573207976,555753248,538911013,522067745,572530975,555688482,2846402649,1753456038,825970527,505159974,538976802,606085409,2334859553,2914233774,3183327923,3200172478,3082206131,3166485686,3048716987,3116219835,658151867,538976290,505225252,454828061,505027614,505092635,488577565,522263326,8479,0,0,0,0,0,0,0,0,0,0,0,0,0,0,0,0,0,0,0,0,0,0,0,0,0,0,0,454827294,471538716,522067229,2490841119,2509804695,2728434324,2307889312,2795608721,573141672,538844703,538911011,555622179,589373727,522134051,2880351324,2106563496,1953856898,1213881959,572861496,606085669,2469077025,2930683823,3200104885,3200171965,2981476533,3200171449,3065691071,3116154300,641178044,488513827,505356066,454827805,504962079,505158173,471669276,522132252,8222,0,0,0,0,0,0,0,0,0,0,0,0,0,0,0,0,0,0,0,0,0,0,0,0,0,0,0,454893086,471538716,522067229,2474195488,2543424917,2728172692,2358746529,2778962583,556364714,522133023,522133794,555556386,589504544,522068772,2897653346,2156565155,2189461384,2712179587,1214086289,656748091,2485920035,2998251690,3183459767,3233660350,2964961213,3183459002,3032268222,3183329208,674535870,471736100,505290528,454893086,471539230,538843676,454827038,522067227,7708,0,0,0,0,0,0,0,0,0,0,0,0,0,0,0,0,0,0,0,0,0,0,0,0,0,0,0,454893086,471472924,538909981,2457418783,2576847765,2728369817,2560401572,2778963361,539455143,538779165,505356323,555621663,606281503,538977316,2847125607,2257492642,2290451334,3099109005,2762584242,1398965398,2503093046,3031806124,3200171448,3233660093,3116087742,3132995517,2948447162,3200106164,640982974,454958370,505159456,471538974,454892829,538974489,521936159,538713371,7711,0,0,0,0,0,0,0,0,0,0,0,0,0,0,0,0,0,0,0,0,0,0,0,0,0,0,0,438115870,488250139,538975773,2507948065,2559873430,2762252698,2677972644,2778832550,522610852,505224733,505355809,538712861,572596000,589439779,2712185962,2375129502,2458812290,3082203035,3149445296,2779099827,2035710349,2930221459,3183262134,3200105916,3200105149,3116021178,2931604156,3183065520,640982713,488644385,488381981,471538974,471670557,505223705,555490590,522067228,7455,0,0,0,0,0,0,0,0,0,0,0,0,0,0,0,0,0,0,0,0,0,0,0,0,0,0,0,438050335,488315419,538975773,2525053728,2509475731,2795806615,2694814624,2795542944,556098726,505421599,538778910,521935387,522198557,606215969,2594352236,2442301592,2626520197,3015029160,3216881583,3064968371,1165798833,2204982870,3115426967,3200237497,3200104122,3098982070,2931538620,3132666799,657627317,539041567,488447262,505158685,488513820,505224217,521935903,572661276,7197,0,0,0,0,0,0,0,0,0,0,0,0,0,0,0,0,0,0,0,0,0,0,0,0,0,0,0,454762015,471538202,538975517,2559002401,2526384531,2812582804,2627837856,2879559061,556032934,505356320,555555869,538843932,522198816,589373473,2611128687,2526515605,2710342801,3015357609,3216881075,3132405175,813676217,1094201400,2356502606,3183128215,3116085689,3082271413,3015359929,3116021426,640784055,522132766,471669788,538778909,572597278,505092891,505224221,572595995,7965,0,0,0,0,0,0,0,0,0,0,0,0,0,0,0,0,0,0,0,0,0,0,0,0,0,0,0,454827550,471538202,572595741,2575911716,2543096980,2879953812,2594415783,2896469141,555967143,522133278,555621662,522066973,505356064,622862370,2694817651,2509739159,2676986265,3099309997,3149378745,3149249212,695908027,690365743,1111044653,2373411149,2964431261,3099245490,3099311801,3132930997,590254777,488513052,471669788,521936412,656679456,505158430,488381725,606019357,8221,0,0,0,0,0,0,0,0,0,0,0,0,0,0,0,0,0,0,0,0,0,0,0,0,0,0,0,437984541,471538202,555818781,2542226469,2543228565,2880218265,2577244328,2845876641,572743593,538844959,538910238,572464158,522133280,606019874,2475795576,2475725459,2710736531,3149576628,3081876411,3132734651,628340156,572596773,673654055,1144532266,2272615761,3065490070,3082599352,3082534073,573411000,488447515,505223965,572267805,606281506,521936670,471669790,639574557,7967,0,0,0,0,0,0,0,0,0,0,0,0,0,0,0,0,0,0,0,0,0,0,0,0,0,0,0,437984285,488446490,539041565,2491895332,2492962707,2846728854,2610470054,2828967330,572808361,538844960,505290016,538909470,538844703,572530721,2324668788,2542768015,2862125200,3149314486,3081548474,3048716217,644920766,505356835,572596262,656745251,1077161259,2272878672,3065293471,3048979129,539921333,522133020,522001181,572203039,539042081,538714655,471866142,639510302,8225,0,0,0,0,0,0,0,0,0,0,0,0,0,0,0,0,0,0,0,0,0,0,0,0,0,0,0,421207326,488381210,539041565,2559792932,2425788307,2779487889,2627378595,2812515993,539186854,555622431,505290273,538975264,538844960,606019618,2375655798,2526320019,2896073622,3065295023,2980819121,2981475511,661370557,522200100,538910759,572792865,690102819,1127886379,2339725651,2981078681,556565427,538976030,521936672,572268319,488513567,471670305,505355552,572466462,8483,0,0,0,0,0,0,0,0,0,0,0,0,0,0,0,0,0,0,0,0,0,0,0,0,0,0,0,0,0,0,0,0,0,0,0,0,0,0,0,0,0,0,0,0,0,0,0,0,0,0,0,0,0,0,0,0,0,0,0,0,0,0,0,0,0,0,0,0,0,0,0,0,0,0,0,0,0,0,0,0,0,0,0,0,0,0,0,0,0,0,0,0,0,0,0,0,0,0,0,0,0,0,0,0,0,0,0,0,0,0,0,0,0,0,0,0,0,0,0,0,0,0,0,0,0,0,0,0,0,0,0,0,0,0,0,0,0,0,0,0,0,0,0,0,0,0,0,0,0,0,0,0,0,0,0,0,0,0,0,0,0,0,0,0,0,0,0,0,0,0,0,0,0,0,0,0,0,0,0,0,0,0,0,0,0,0,0,0,0,0,0,0,0,0,0,0,0,0,0,0,0,0,0,0,0,0,0,0,0,0,0,0,0,0,0,0,0,0,0,0,0,0,0,0,0,0,0,0,0,0,0,0,0,0,0,0,0,0,0,0,0,0,0,0,0,0,0,0,0,0,0,0,0,0,0,0,0,0,0,0,0,0,0,0,0,0,0,0,0,0,0,0,0,0,0,0,0,0,0,0,0,0,0,0,0,0,0,0,0,0,0,0,0,0,0,0,0,0,0,0,0,0,0,0,0,0,0,0,0,0,0,0,0,0,0,0,0,0,0,0,0,0,0,0,0,0,0,0,0,0,0,0,0,0,0,0,0,0,0,0,0,0,0,0,0,0,0,0,0,0,0,0,0,0,0,0,0,0,0,0,0,0,0,0,0,0,0,0,0,0,0,0,0,0,0,0,0,0,0,0,0,0,0,0,0,0,0,0,0,0,0,0,0,0,0,0,0,0,0,0,0,0,0,0,0,0,0,0,0,0,0,0,0,0,0,0,0,0,0,0,0,0,0,0,0,0,0,0,0,0,0,0,0,0,0,0,0,0,0,0,0,0,0,0,0,0,0,0,0,0,0,0,0,0,0,0,0,0,0,0,0,0,0,0,0,0,0,0,0,0,0,0,0,0,0,0,0,0,0,0,0,0,0,0,0,0,0,0,0,0,0,0,0,0,0,0,0,0,0,0,0,0,0,0,0,0,0,0,0,0,0,0,0,0,0,0,0,0,0,0,0,0,0,0,0,0,0,0,0,0,0,0,0,0,0,0,0,0,0,0,0,0,0,0,0,0,0,0,0,0,0,0,0,0,0,0,0,0,0,0,0,0,0,0,0,0,0,0,0,0,0,0,0,0,0,0,0,0,0,0,0,0,0,0,0,0,0,0,0,0,0,0,0,0,0,0,0,0,0,0,0,0,0,0,0,0,0,0,0,0,0,0,0,0,0,0,0,0,0,0,0,0,0,0,0,0,0,0,0,0,0,0,0,0,0,0,0,0,0,0,0,0,0,0,0,0,0,0,0,0,0,0,0,0,0,0,0,0,0,0,0,0,0,0,0,0,0,0,0,0,0,0,0,0,0,0,0,0,0,0,0,0,0,0,0,0,0,0,0,0,0,0,0,0,0,0,0,0,0,0,0,0,0,0,0,0,0,0,0,0,0,0,0,0,0,0,0,0,0,0,0,0,0,0,0,0,0,0,0,0,0,0,0,0,0,0,0,0,0,0,0,0,0,0,0,0,0,0,0,0,0,0,0,0,0,0,0,0,0,0,0,0,0,0,0,0,0,0,0,0,0,0,0,0,0,0,0,0,0,0,0,0,0,0,0,0,0,0,0,0,0,0,0,0,0,0,0,0,0,0,0,0,0,0,0,0,0,0,0,0,0,0,0,0,0,0,0,0,0,0,0,0,0,0,0,0,0,0,0,0,0,0,0,0,0,0,0,0,0,0,0,0,0,0,0,0,0,0,0,0,0,0,0,0,0,0,0,0,0,0,0,0,0,0,0,0,0,0,0,0,0,0,0,0,0,0,0,0,0,0,0,0,0,0,0,0,0,0,0,0,0,0,0,0,0,0,0,0,0,0,0,0,0,0,0,0,0,0,0,0,0,0,0,0,0,0,0,0,0,0,0,0,0,0,0,0,0,0,0,0,0,0,0,0,0,0,0,0,0,0,0,0,0,0,0,0,0,0,0,0,0,0,0,0,0,0,0,0,0,0,0,0,0,0,0,0,0,0,0,0,0,0,0,0,0,0,0,0,0,0,0,0,0,0,0,0,0,0,0,0,0,0,0,0,0,0,0,0,0,0,0,0,0,0,0,0,0,0,0,0,0,0,0,0,0,0,0,0,0,0,0,0,0,0,0,0,0,0,0,0,0,0,0,0,0,0,0,0,0,0,0,0,0,0,0,0,0,0,0,0,0,0,0,0,0,0,0,0,0,0,0,0,0,0,0,0,0,0,0,0,0,0,0,0,0,0,0,0,0,0,0,0,0,0,0,0,0,0,0,0,0,0,0,0,0,0,0,0,0,0,0,0,0,0,0,0,0,0,0,0,0,0,0,0,0,0,0,0,0,0,0,0,0,0,0,0,0,0,0,0,0,0,0,0,0,0,0,0,0,0,0,0,0,0,0,0,0,0,0,0,0,0,0,0,0,0,0,0,0,0,0,0,0,0,0,0,0,0,0,0,0,0,0,0,0,0,0,0,0,0,0,0,0,0,0,0,0,0,0,0,0,0,0,0,0,0,0,0,0,0,0,0,0,0,0,0,0,0,0,0,0,0,0,0,0,0,0,0,0,0,0,0,0,0,0,0,0,0,0,0,0,0,0,0,0,0,0,0,0,0,0,0,0,0,0,0,0,0,0,0,0,0,0,0,0,0,0,0,0,0,0,0,0,0,0,0,0,0,0,0,0,0,0,0,0,0,0,0,0,0,0,0,0,0,0,0,0,0,0,0,0,0,0,0,0,0,0,0,0,0,0,0,0,0,0,0,0,0,0,0,0,0,0,0,0,0,0,0,0,0,0,0,0,0,0,0,0,0,0,0,0,0,0,0,0,0,0,0,0,0,0,0,0,0,0,0,0,0,0,0,0,0,0,0,0,0,0,0,0,0,0,0,0,0,0,0,0,0,0,0,0,0,0,0,0,0,0,0,0,0,0,0,0,0,0,0,0,0,0,0,0,0,0,0,0,0,0,0,0,0,0,0,0,0,0,0,0,0,0,0,0,0,0,0,0,0,0,0,0,0,0,0,0,0,0,0,0,0,0,0,0,0,0,0,0,0,0,0,0,0,0,0,0,0,0,0,0,0,0,0,0,0,0,0,0,0,0,0,0,0,0,0,0,0,0,0,0,0,0,0,0,0,0,0,0,0,0,0,0,0,0,0,0,0,0,0,0,0,0,0,0,0,0,0,0,0,0,0,0,0,0,0,0,0,0,0,0,0,0,0,0,0,0,0,0,0,0,0,0,0,0,0,0,0,0,0,0,0,0,0,0,0,0,0,0,0,0,0,0,0,0,0,0,0,0,0,0,0,0,0,0,0,0,0,0,0,0,0,0,0,0,0,0,0,0,0,0,0,0,0,0,0,0,0,0,0,0,0,0,0,0,0,0,0,0,0,0,0,0,0,0,0,0,0,0,0,0,0,0,0,0,0,0,0,0,0,0,0,0,0,0,0,0,0,0,0,0,0,0,0,0,0,0,0,0,0,0,0,0,0,0,0,0,0,0,0,0,0,0,0,0,0,0,0,0,0,0,0,0,0,0,0,0,0,0,0,0,0,0,0,0,0,0,0,0,0,0,0,0,0,0,0,0,0,0,0,0,0,0,0,0,0,0,0,0,0,0,0,0,0,0,0,0,0,0,0,0,0,0,0,0,0,0,0,0,0,0,0,0,0,0,0,0,0,0,0,0,0,0,0,0,0,0,0,0,0,0,0,0,0,0,0,0,0,0,0,0,0,0,0,0,0,0,0,0,0,0,0,0,0,0,0,0,0,0,0,0,0,0,0,0,0,0,0,0,0,0,0,0,0,0,0,0,0,0,0,0,0,0,0,0,0,0,0,0,0,0,0,0,0,0,0,0,0,0,0,0,0,0,0,0,0,0,0,0,0,0,0,0,0,0,0,0,0,0,0,0,0,0,0,0,0,0,0,0,0,0,0,0,0,0,0,0,0,0,0,0,0,0,0,0,0,0,0,0,0,0,0,0,0,0,0,0,0,0,0,0,0,0,0,0,0,0,0,0,0,0,0,0,0,0,0,0,0,0,0,0,0,0,0,0,0,0,0,0,0,0,0,0,0,0,0,0,0,0,0,0,0,0,0,0,0,0,0,0,0,0,0,0,0,0,0,0,0,0,0,0,0,0,0,0,0,0,0,0,0,0,0,0,0,0,0,0,0,0,0,0,0,0,0,0,0,0,0,0,0,0,0,0,0,0,0,0,0,0,0,0,0,0,0,0,0,0,0,0,0,0,0,0,0,0,0,0,0,0,0,0,0,0,0,0,0,0,0,0,0,0,0,0,0,0,0,0,0,0,0,0,0,0,0,0,0,0,0,0,0,0,0,0,0,0,0,0,0,0,0,0,0,0,0,0,0,0,0,0,0,0,0,0,0,0,0,0,0,0,0,0,0,0,0,0,0,0,0,0,0,0,0,0,0,0,0,0,0,0,0,0,0,0,0,0,0,0,0,0,0,0,0,0,0,0,0,0,0,0,0,0,0,0,0,0,0,0,0,0,0,0,0,0,0,0,0,0,0,0,0,0,0,0,0,0,0,0,0,0,0,0,0,0,0,0,0,0,0,0,0,0,0,0,0,0,0,0,0,0,0,0,0,0,0,0,0,0,0,0,0,0,0,0,0,0,0,0,0,0,0,0,0,0,0,0,0,0,0,0,0,0,0,0,0,0,0,0,0,0,0,0,0,0,0,0,0,0,0,0,0,0,0,0,0,0,0,0,0,0,0,0,0,0,0,0,0,0,0,0,0,0,0,0,0,0,0,0,0,0,0,0,0,0,0,0,0,0,0,0,0,0,0,0,0,0,0,0,0,0,0,0,0,0,0,0,0,0,0,0,0,0,0,0,0,0,0,0,0,0,0,0,0,0,0,0,0,0,0,0,0,0,0,0,0,0,0,0,0,0,0,0,0,0,0,0,0,0,0,0,0,0,0,0,0,0,0,0,0,0,0,0,0,0,0,0,0,0,0,0,0,0,0,0,0,0,0,0,0,0,0,0,0,0,0,0,0,0,0,0,0,0,0,0,0,0,0,0,0,0,0,0,0,0,0,0,0,0,0,0,0,0,0,0,0,0,0,0,0,0,0,0,0,0,0,0,0,0,0,0,0,0,0,0,0,0,0,0,0,0,0,0,0,0,0,0,0,0,0,0,0,0,0,0,0,0,0,0,0,0,0,0,0,0,0,0,0,0,0,0,0,0,0,0,0,0,0,0,0,0,0,0,0,0,0,0,0,0,0,0,0,0,0,0,0,0,0,0,0,0,0,0,0,0,0,0,0,0,0,0,0,0,0,0,0,0,0,0,0,0,0,0,0,0,0,0,0,0,0,0,0,0,0,0,0,0,0,0,0,0,0,0,0,0,0,0,0,0,0,0,0,0,0,0,0,0,0,0,0,0,0,0,0,0,0,0,0,0,0,0,0,0,0,0,0,0,0,0,0,0,0,0,0,0,0,0,0,0,0,0,0,0,0,0,0,0,0,0,0,0,0,0,0,0,0,0,0,0,0,0,0,0,0,0,0,0,0,0,0,0,0,0,0,0,0,0,0,0,0,0,0,0,0,0,0,0,0,0,0,0,0,0,0,0,0,0,0,0,0,0,0,0,0,0,0,0,0,0,0,0,0,0,0,0,0,0,0,0,0,0,0,0,0,0,0,0,0,0,0,0,0,0,0,0,0,0,0,0,0,0,0,0,0,0,0,0,0,0,0,0,0,0,0,0,0,0,0,0,0,0,0,0,0,0,0,0,0,0,0,0,0,0,0,0,0,0,0,0,0,0,0,0,0,0,0,0,0,0,0,0,0,0,0,0,0,0,0,0,0,0,0,0,0,0,0,0,0,0,0,0,0,0,0,0,0,0,0,0,0,0,0,0,0,0,0,0,0,0,0,0,0,0,0,0,0,0,0,0,0,0,0,0,0,0,0,0,0,0,0,0,0,0,0,0,0,0,0,0,0,0,0,0,0,0,0,0,0,0,0,0,0,0,0,0,0,0,0,0,0,0,0,0,0,0,0,0,0,0,0,0,0,0,0,0,0,0,0,0,0,0,0,0,0,0,0,0,0,0,0,0,0,0,0,0,0,0,0,0,0,0,0,0,0,0,0,0,0,0,0,0,0,0,0,0,0,0,0,0,0,0,0,0,0,0,0,0,0,0,0,0,0,0,0,0,0,0,0,0,0,0,0,0,0,0,0,0,0,0,0,0,0,0,0,0,0,0,0,0,0,0,0,0,0,0,0,0,0,0,0,0,0,0,0,0,0,0,0,0,0,0,0,0,0,0,0,0,0,0,0,0,0,0,0,0,0,0,0,0,0,0,0,0,0,0,0,0,0,0,0,0,0,0,0,0,0,0,0,0,0,0,0,0,0,0,0,0,0,0,0,0,0,0,0,0,0,0,0,0,0,0,0,0,0,0,0,0,0,0,0,0,0,0,0,0,0,0,0,0,0,0,0,0,0,0,0,0,0,0,0,0,0,0,0,0,0,0,0,0,0,0,0,0,0,0,0,0,0,0,0,0,0,0,0,0,0,0,0,0,0,0,0,0,0,0,0,0,0,0,0,0,0,0,0,0,0,0,0,0,0,0,0,0,0,0,0,0,0,0,0,0,0,0,0,0,0,0,0,0,0,0,0,0,0,0,0,0,0,0,0,0,0,0,0,0,0,0,0,0,0,0,0,0,0,0,0,0,0,0,0,0,0,0,0,0,0,0,0,0,0,0,0,0,0,0,0,0,0,0,0,0,0,0,0,0,0,0,0,0,0,0,0,0,0,0,0,0,0,0,0,0,0,0,0,0,0,0,0,0,0,0,0,0,0,0,0,0,0,0,0,0,0,0,0,0,0,0,0,0,0,0,0,0,0,0,0,0,0,0,0,0,0,0,0,0,0,0,0,0,0,0,0,0,0,0,0,0,0,0,0,0,0,0,0,0,0,0,0,0,0,0,0,0,0,0,0,0,0,0,0,0,0,0,0,0,0,0,0,0,0,0,0,0,0,0,0,0,0,0,0,0,0,0,0,0,0,0,0,0,0,0,0,0,0,0,0,0,0,0,0,0,0,0,0,0,0,0,0,0,0,0,0,0,0,0,0,0,0,0,0,0,0,0,0,0,0,0,0,0,0,0,0,0,0,0,0,0,0,0,0,0,0,0,0,0,0,0,0,0,0,0,0,0,0,0,0,0,0,0,0,0,0,0,0,0,0,0,0,0,0,0,0,0,0,0,0,0,0,0,0,0,0,0,0,0,0,0,0,0,0,0,0,0,0,0,0,0,0,0,0,0,0,0,0,0,0,0,0,0,0,0,0,0,0,0,0,0,0,0,0,0,0,0,0,0,0,0,0,0,0,0,0,0,0,0,0,0,0,0,0,0,0,0,0,0,0,0,0,0,0,0,0,0,0,0,0,0,0,0,0,0,0,0,0,0,0,0,0,0,0,0,0,0,0,0,0,0,0,0,0,0,0,0,0,0,0,0,0,0,0,0,0,0,0,0,0,0,0,0,0,0,0,0,0,0,0,0,0,0,0,0,0,0,0,0,0,0,0,0,0,0,0,0,0,0,0,0,0,0,0,0,0,0,0,0,0,0,0,0,0,0,0,0,0,0,0,0,0,0,0,0,0,0,0,0,0,0,0,0,0,0,0,0,0,0,0,0,0,0,0,0,0,0,0,0,0,0,0,0,0,0,0,0,0,0,0,0,0,0,0,0,0,0,0,0,0,0,0,0,0,0,0,0,0,0,0,0,0,0,0,0,0,0,0,0,0,0,0,0,0,0,0,0,0,0,0,0,0,0,0,0,0,0,0,0,0,0,0,0,0,0,0,0,0,0,0,0,0,0,0,0,0,0,0,0,0,0,0,0,0,0,0,0,0,0,0,0,0,0,0,0,0,0,0,0,0,0,0,0,0,0,0,0,0,0,0,0,0,0,0,0,0,0,0,0,0,0,0,0,0,0,0,0,0,0,0,0,0,0,0,0,0,0,0,0,0,0,0,0,0,0,0,0,0,0,0,0,0,0,0,0,0,0,0,0,0,0,0,0,0,0,0,0,0,0,0,0,0,0,0,0,0,0,0,0,0,0,0,0,0,0,0,0,0,0,0,0,0,0,0,0,0,0,0,0,0,0,0,0,0,0,0,0,0,0,0,0,0,0,0,0,0,0,0,0,0,0,0,0,0,0,0,0,0,0,0,0,0,0,0,0,0,0,0,0,0,0,0,0,0,0,0,0,0,0,0,0,0,0,0,0,0,0,0,0,0,0,0,0,0,0,0,0,0,0,0,0,0,0,0,0,0,0,0,0,0,0,0,0,0,0,0,0,0,0,0,0,0,0,0,0,0,0,0,0,0,0,0,0,0,0,0,0,0,0,0,0,0,0,0,0,0,0,0,0,0,0,0,0,0,0,0,0,0,0,0,0,0,0,0,0,0,0,0,0,0,0,0,0,0,0,0,0,0,0,0,0,0,0,0,0,0,0,0,0,0,0,0,0,0,0,0,0,0,0,0,0,0,0,0,0,0,0,0,0,0,0,0,0,0,0,0,0,0,0,0,0,0,0,0,0,0,0,0,0,0,0,0,0,0,0,0,0,0,0,0,0,0,0,0,0,0,0,0,0,0,0,0,0,0,0,0,0,0,0,0,0,0,0,0,0,0,0,0,0,0,0,0,0,0,0,0,0,0,0,0,0,0,0,0,0,0,0,0,0,0,0,0,0,0,0,0,0,0,0,0,0,0,0,0,0,0,0,0,0,0,0,0,0,0,0,0,0,0,0,0,0,0,0,0,0,0,0,0,0,0,0,0,0,0,0,0,0,0,0,0,0,0,0,0,0,0,0,0,0,0,0,0,0,0,0,0,0,0,0,0,0,0,0,0,0,0,0,0,0,0,0,0,0,0,0,0,0,0,0,0,0,0,0,0,0,0,0,0,0,0,0,0,0,0,0,0,0,0,0,0,0,0,0,0,0,0,0,0,0,0,0,0,0,0,0,0,0,0,0,0,0,0,0,0,0,0,0,0,0,0,0,0,0,0,0,0,0,0,0,0,0,0,0,0,0,0,0,0,0,0,0,0,0,0,0,0,0,0,0,0,0,0,0,0,0,0,0,0,0,0,0,0,0,0,0,4158533286,32767,0,0,1720320,0,1720172,0,1720172,0,0,0,5,0,3817472,0,3842048,0,3840192,0,3858192,0,1720320,0,3,0,0,0,0,0,0,0,0,0,0,0,0,0,0,0,0,0,0,0,0,0,0,0,0,0,0,0,0,0,0,0,0,0,0,0,0,0,0,0,0,0,0,0,0,0,0,0,0,0,0,0,0,0,0,0,0,0,0,0,0,0,0,0,4158595486,32767,0,0,47,0,0,0,4158549785,32767,0,0,4160745200,32767,19,0,4195353,0,0,1,10,0,0,0,1,0,4294959088,32767,4158548807,32767,3,0,4158570708,32767,4160561152,32767,4154737980,32767,0,0,4158538548,32767,0,3,0,1,4158504720,32767,0,32767,3,3,4160745200,32767,4195353,0,6,0,4160741632,32767,4294958304,32767,65025,0,387983,0,1,0,33261,0,0,0,0,0,2047384,0,4096,0,4000,0,1406021832,0,625972572,0,1400228128,0,0,0,1401348870,0,608435450,0,0,0,0,0,0,0,1577,0,4195353,0,4160741680,32767,0,0,4160737280,32767,4160703943,32767,0,0,4158538939,32767,0,0,4294959232,32767,0,0,4158539324,32767,0,0,0,1,1,0,0,0,10,0,3,32767,4160741680,32767,0,0,0,0,0,0,0,0,4160745200,32767,4294961264,32767,832,0,1179403647,50397442,0,0,4063235,1,131344,0,64,0,1746584,0,0,3670080,4194314,4390982,6,5,64,0,64,0,64,0,560,0,560,0,8,0,3,4,1508992,0,1508992,0,1508992,0,30,0,30,0,16,0,1,5,0,0,0,0,0,0,1720172,0,1720172,0,2097152,0,1,6,1721704,0,3818856,0,3818856,0,21336,0,39336,0,2097152,0,2,6,1735520,0,3832672,0,3832672,0,496,0,496,0,8,0,4,4,624,0,624,0,624,0,68,0,68,0,4,0,7,4,1721704,0,3818856,0,3818856,0,16,0,128,0,8,0,1685382480,4,1509024,0,1509024,0,1509024,0,27188,0,27188,0,4,0,1685382481,6,4294960712,32767,4294960800,32767,4160561152,32767,0,0,4154737980,32767,4294960160,32767,4158556322,32767,0,0,4158566148,32767,3818856,0,4158541588,32767,0,0,0,0,2954611200,0,0,0,4294959968,32767,4158543327,32767,3609569880,4,46165800,0,0,32767,4294960224,32767,4294959968,32767,4294960208,32767,4160743152,32767,4158541588,32767,0,0,4154662132,32767,2090266759,0,0,0,4160562432,32767,4158543471,32767,0,0,32660418,0,7,673193995,4294960336,32767,4294960080,32767,4294960320,32767,4160562432,32767,4294960408,32767,0,0,4160563320,32767,4160561152,32767,4158507100,32767,4154715512,32767,4158506312,32767,0,1,2210,1,4158479200,32767,4160742536,32767,4294960480,32767,4160563320,32767,4160739736,32767,4294960672,32767,0,0,4158544495,32767,1,0,4160563320,32767,1,0,0,0,1,0,4160739736,32767,4294960228,32767,0,0,4160742536,32767,4294960336,32767,0,1,4294960320,32767,2090266759,0,4158507100,32767,448693,0,3833888,0,4154715224,32767,4160561152,32767,4154774408,32767,4154646528,32767,4294960800,32767,4155822853,32767,0,0,0,0,0,0,4160725440,32767,0,32,0,0,0,0,4158507832,32767,7,0,4158541588,32767,4158506312,32767,0,0,1700966438,0,0,0,4294960576,32767,4158543327,32767,4294960672,32767,26577600,0,38,32767,4294960832,32767,4294960576,32767,4294960816,32767,4160743152,32767,4158541588,32767,0,0,4154661676,32767,4131212846,0,0,0,4160562432,32767,4158543471,32767,0,0,64550200,0,46,32767,4294960944,32767,4294960688,32767,4294960928,32767,4160562432,32767,4294961016,32767,0,0,4160562504,32767,4160561152,32767,4195458,0,4154715512,32767,4195136,0,0,1,2096,1,4294961040,32767,4160742536,32767,4294961088,32767,4160562504,32767,4160741680,32767,4294961128,32767,0,0,4158544495,32767,1,0,4160562504,32767,1,0,0,0,1,0,4160741680,32767,0,0,0,0,4160742536,32767,4294960944,32767,4160558848,1,4294960928,32767,4131212846,0,4195458,0,24641422,0,4294961288,32767,4154712488,32767,4160561152,32767,4160561152,32767,0,0,1,0,4201853,0,5658608,0,0,0,4201776,0,4196304" out="0,0,0,0,0,0,0,0,0,0,0,0,0,0,0,0,0,0,0,0,0,0,0,0,0,0,0,0,0,0,0,0,0,0,0,0,0,0,0,0,0,0,0,0,0,0,0,0,0,0,0,0,0,0,0,0,0,0,0,0,0,0,0,0,0,0,0,0,0,0,0,0,0,0,0,0,0,0,0,0,0,0,0,0,0,0,0,0,0,0,0,0,0,0,0,0,0,0,0,0,0,0,0,0,0,0,0,0,0,0,0,0,0,0,0,0,0,0,0,0,0,0,0,0,0,0,0,0,0,0,0,0,0,0,0,0,0,0,0,0,0,0,0,0,0,0,0,0,0,0,0,0,0,0,0,0,0,0,0,0,0,0,0,0,0,0,0,0,0,0,0,0,0,0,0,0,0,0,0,0,0,0,0,0,0,0,0,0,0,0,0,0,0,0,0,0,0,0,0,0,0,0,0,0,0,0,0,0,0,0,0,0,0,0,0,0,0,0,0,0,0,0,0,0,0,0,0,0,0,0,0,0,0,0,0,0,0,0,0,0,0,0,0,0,0,0,0,0,0,0,0,0,0,0,0,0,0,0,0,0,0,0,0,0,0,0,0,0,0,0,0,0,0,0,0,0,0,0,0,0,0,0,0,0,0,0,0,0,0,0,0,0,0,0,0,0,0,0,0,0,0,0,0,0,0,0,0,0,0,0,0,0,0,0,0,0,0,0,0,0,0,0,0,0,0,0,0,0,0,0,0,0,0,0,0,0,0,0,0,0,0,0,0,0,0,0,0,0,0,0,0,0,0,0,0,0,0,0,0,0,0,0,0,0,0,0,0,0,0,0,0,0,0,0,0,0,0,0,0,0,0,0,0,0,0,0,0,0,0,0,0,0,0,0,0,0,0,0,0,0,0,0,0,0,0,0,0,0,0,0,0,0,0,0,0,0,0,0,0,0,0,0,0,0,0,0,0,0,0,0,0,0,0,0,0,0,0,0,0,0,0,0,0,0,0,0,0,0,0,0,0,0,0,0,0,0,0,0,0,0,0,0,0,0,0,0,0,0,0,0,0,0,0,0,0,0,0,0,0,0,0,0,0,0,0,0,0,0,0,0,0,0,0,0,0,0,0,0,0,0,0,0,0,0,0,0,0,0,0,0,0,0,0,0,0,0,0,0,0,0,0,0,0,0,0,0,0,0,0,0,0,0,0,0,0,0,0,0,0,0,0,0,0,0,0,0,0,0,0,0,0,0,0,0,0,0,0,0,0,0,0,0,0,0,0,0,0,0,0,0,0,0,0,0,0,0,0,0,0,0,0,0,0,0,0,0,0,0,0,0,0,0,0,0,0,0,0,0,0,0,0,0,0,0,0,0,0,0,0,0,0,0,0,0,0,0,0,0,0,0,0,0,0,0,0,0,0,0,0,0,0,0,0,0,0,0,0,0,0,0,0,0,0,0,0,0,0,0,0,0,0,0,0,0,0,0,0,0,0,0,0,0,0,0,0,0,0,0,0,0,0,0,0,0,0,0,0,0,0,0,0,0,0,0,0,0,0,0,0,0,0,0,0,0,0,0,0,0,0,0,0,0,0,0,0,0,0,0,0,0,0,0,0,0,0,0,0,0,0,0,0,0,0,0,0,0,0,0,0,0,0,0,0,0,0,0,0,0,0,0,0,0,0,0,0,0,0,0,0,0,0,0,0,0,0,0,0,0,0,0,0,0,0,0,0,0,0,0,0,0,0,0,0,0,0,0,0,0,0,0,0,0,0,0,0,0,0,0,0,0,0,0,0,0,0,0,0,0,0,0,0,0,0,0,0,0,0,0,0,0,0,0,0,0,0,0,0,0,0,0,0,0,0,0,0,0,0,0,0,0,0,0,0,0,0,0,0,0,0,0,0,0,0,0,0,0,0,0,0,0,0,0,0,0,0,0,0,0,0,0,0,0,0,0,0,0,0,0,0,0,0,0,0,0,0,0,0,0,0,0,0,0,0,0,0,0,0,0,0,0,0,0,0,0,0,0,0,0,0,0,0,0,0,0,0,0,0,0,0,0,0,0,0,0,0,0,0,0,0,0,0,0,0,0,0,0,0,0,0,0,0,0,0,0,0,0,0,0,0,0,0,0,0,0,0,0,0,0,0,0,0,0,0,0,0,0,0,0,0,0,0,0,0,0,0,0,0,0,0,0,0,0,0,0,0,0,0,0,0,0,0,0,0,0,0,0,0,0,0,0,0,0,0,0,0,0,0,0,0,0,0,0,0,0,0,0,0,0,0,0,0,0,0,0,0,0,0,0,0,0,0,0,0,0,0,0,0,0,0,0,0,0,0,0,0,0,0,0,0,0,0,0,0,0,0,0,0,0,0,0,0,0,0,0,0,0,0,0,0,0,0,0,0,0,0,0,0,0,0,0,0,0,0,0,0,0,0,0,0,0,0,0,0,0,0,0,0,0,0,0,0,0,0,0,0,0,0,0,0,0,0,0,0,0,0,0,0,0,0,0,0,0,0,0,0,0,0,0,0,0,0,0,0,0,0,0,0,0,0,0,0,0,0,0,0,0,0,0,0,0,0,0,0,0,0,0,0,0,0,0,0,0,0,0,0,0,0,0,0,0,0,0,0,0,0,0,0,0,0,0,0,0,0,0,0,0,0,0,0,0,0,0,0,0,0,0,0,0,0,0,0,0,0,0,0,0,0,0,0,0,0,0,0,0,0,0,0,0,0,0,0,0,0,0,0,0,0,0,0,0,0,0,0,0,0,0,0,0,0,0,0,0,0,0,0,0,0,0,0,0,0,0,0,0,0,0,0,0,0,0,0,0,0,0,0,0,0,0,0,0,0,0,0,0,0,0,0,0,0,0,0,0,0,0,0,0,0,0,0,0,0,0,0,0,0,0,0,0,0,0,0,0,0,0,0,0,0,0,0,0,0,0,0,0,0,0,0,0,0,0,0,0,0,0,0,0,0,0,0,0,0,0,0,0,0,0,0,0,0,0,0,0,0,0,0,0,0,0,0,0,0,0,0,0,0,0,0,0,0,0,0,0,0,0,0,0,0,0,0,0,0,0,0,0,0,0,0,0,0,0,0,0,0,0,0,0,0,0,0,0,0,0,0,0,0,0,0,0,0,0,0,0,0,0,0,0,0,0,0,0,0,0,0,0,0,0,0,0,0,0,0,0,0,0,0,0,0,0,0,0,0,0,0,0,0,0,0,0,0,0,0,0,0,0,0,0,0,0,0,0,0,0,0,0,0,0,0,0,0,0,0,0,0,0,0,0,0,0,0,0,0,0,0,0,0,0,0,0,0,0,0,0,0,0,0,0,0,0,0,0,0,0,0,0,0,0,0,0,0,0,0,0,0,0,0,0,0,0,0,0,0,0,0,0,0,0,0,0,0,0,0,0,0,0,0,0,0,0,0,0,0,0,0,0,0,0,0,0,0,0,0,0,0,0,0,0,0,0,0,0,0,0,0,0,0,0,0,0,0,0,0,0,0,0,0,0,0,0,0,0,0,0,0,0,0,0,0,0,0,0,0,0,0,0,0,0,0,0,0,0,0,0,0,0,0,0,0,0,0,0,0,0,0,0,0,0,0,0,0,0,0,0,0,0,0,0,0,0,0,0,0,0,0,0,0,0,0,0,0,0,0,0,0,0,0,0,0,0,0,0,0,0,0,0,0,0,0,0,0,0,0,0,0,0,0,0,0,0,0,0,0,0,0,0,0,0,0,0,0,0,0,0,0,0,0,0,0,0,0,0,0,0,0,0,0,0,0,0,0,0,0,0,0,0,0,0,0,0,0,0,0,0,0,0,0,0,0,0,0,0,0,0,0,0,0,0,0,0,0,0,0,0,0,0,0,0,0,0,0,0,0,0,0,0,0,0,0,0,0,0,0,0,0,0,0,0,0,0,0,0,0,0,0,0,0,0,0,0,0,0,0,0,0,0,0,0,0,0,0,0,0,0,0,0,0,0,0,0,0,0,0,0,0,0,0,0,0,0,0,0,0,0,0,0,0,0,0,0,0,0,0,0,0,0,0,0,0,0,0,0,0,0,0,0,0,0,0,0,0,0,0,0,0,0,0,0,0,0,0,0,0,0,0,0,0,0,0,0,0,0,0,0,0,0,0,0,0,0,0,0,0,0,0,0,0,0,0,0,0,0,0,0,0,0,0,0,0,0,0,0,0,0,0,0,0,0,0,0,0,0,0,0,0,0,0,0,0,0,0,0,0,0,0,0,0,0,0,0,0,0,0,0,0,0,0,0,0,0,0,0,0,0,0,0,0,0,0,0,0,0,0,0,0,0,0,0,0,0,0,0,0,0,0,0,0,0,0,0,0,0,0,0,0,0,0,0,0,0,0,0,0,0,0,0,0,0,0,0,0,0,0,0,0,0,0,0,0,0,0,0,0,0,0,0,0,0,0,0,0,0,0,0,0,0,0,0,0,0,0,0,0,0,0,0,0,0,0,0,0,0,0,0,0,0,0,0,0,0,0,0,0,0,0,0,0,0,0,0,0,0,0,0,0,0,0,0,0,0,0,0,0,0,0,0,0,0,0,0,0,0,0,0,0,0,0,0,0,0,0,0,0,0,0,0,0,0,0,0,0,0,0,0,0,0,0,0,0,0,0,0,0,0,0,0,0,0,0,0,0,0,0,0,0,0,0,0,0,0,0,0,0,0,0,0,0,0,0,0,0,0,0,0,0,0,0,0,0,0,0,0,0,0,0,0,0,0,0,0,0,0,0,0,0,0,0,0,0,0,0,0,0,0,0,0,0,0,0,0,0,0,0,0,0,0,0,0,0,0,0,0,0,0,0,0,0,0,0,0,0,0,0,0,0,0,0,0,0,0,0,0,0,0,0,0,0,0,0,0,0,0,0,0,0,0,0,0,0,0,0,0,0,0,0,0,0,0,0,0,0,0,0,0,0,0,0,0,0,0,0,0,0,0,0,0,0,0,0,0,0,0,0,0,0,0,0,0,0,0,0,0,0,0,0,0,0,0,0,0,0,0,0,0,0,0,0,0,0,0,0,0,0,0,0,0,0,0,0,0,0,0,0,0,0,0,0,0,0,0,0,0,0,0,0,0,0,0,0,0,0,0,0,0,0,0,0,0,0,0,0,0,0,0,0,0,0,0,0,0,0,0,0,0,0,0,0,0,0,0,0,0,0,0,0,0,0,0,0,0,0,0,0,0,0,0,0,0,0,0,0,0,0,0,0,0,0,0,0,0,0,0,0,0,0,0,0,0,0,0,0,0,0,0,0,0,0,0,0,0,0,0,0,0,0,0,0,0,0,0,0,0,0,0,0,0,0,0,0,0,0,0,0,0,0,0,0,0,0,0,0,0,0,0,0,0,0,0,0,0,0,0,0,0,0,0,0,0,0,0,0,0,0,0,0,0,0,0,0,0,0,0,0,0,0,0,0,0,0,0,0,0,0,0,0,0,0,0,0,0,0,0,0,0,0,0,0,0,0,0,0,0,0,0,0,0,0,0,0,0,0,0,0,0,0,0,0,0,0,0,0,0,0,0,0,0,0,0,0,0,0,0,0,0,0,0,0,0,0,0,0,0,0,0,0,0,0,0,0,0,0,0,0,0,0,0,0,0,0,0,0,0,0,0,0,0,0,0,0,0,0,0,0,0,0,0,0,0,0,0,0,0,0,0,0,0,0,0,0,0,0,0,0,0,0,0,0,0,0,0,0,0,0,0,0,0,0,0,0,0,0,0,0,0,0,0,0,0,0,0,0,0,0,0,0,0,0,0,0,0,0,0,0,0,0,0,0,0,0,0,0,0,0,0,0,0,0,0,0,0,0,0,0,0,0,0,0,0,0,0,0,0,0,0,0,0,0,0,0,0,0,0,0,0,0,0,0,0,0,0,0,0,0,0,0,0,0,0,0,0,0,0,0,0,0,0,0,0,0,0,0,0,0,0,0,0,0,0,0,0,0,0,0,0,0,0,0,0,0,0,0,0,0,0,0,0,0,0,0,0,0,0,0,0,0,0,0,0,0,0,0,0,0,0,0,0,0,0,0,0,0,0,0,0,0,0,0,0,0,0,0,0,0,0,0,0,0,0,0,0,0,0,0,0,0,0,0,0,0,0,0,0,0,0,0,0,0,0,0,0,0,0,0,0,0,0,0,0,0,0,0,0,0,0,0,0,0,0,0,0,0,0,0,0,0,0,0,0,0,0,0,0,0,0,0,0,0,0,0,0,0,0,0,0,0,0,0,0,0,0,0,0,0,0,0,0,0,0,0,0,0,0,0,0,0,0,0,0,0,0,0,0,0,0,0,0,0,0,0,0,0,0,0,0,0,0,0,0,0,0,0,0,0,0,0,0,0,0,0,0,0,0,0,0,0,0,0,0,0,0,0,0,0,0,0,0,0,0,0,0,0,0,0,0,0,0,0,0,0,0,0,0,0,0,0,0,0,0,0,0,0,0,0,0,0,0,0,0,0,0,0,0,0,0,0,0,0,0,0,0,0,0,0,0,0,0,0,0,0,0,0,0,0,0,0,0,0,0,0,0,0,0,0,0,0,0,0,0,0,0,0,0,0,0,0,0,0,0,0,0,0,0,0,0,0,0,0,0,0,0,0,0,0,0,0,0,0,0,0,0,0,0,0,0,0,0,0,0,0,0,0,0,0,0,0,0,0,0,0,0,0,0,0,0,0,0,0,0,0,0,0,0,0,0,0,0,0,0,0,0,0,0,0,0,0,0,0,0,0,0,0,0,0,0,0,0,0,0,0,0,0,0,0,0,0,0,0,0,0,0,0,0,0,0,0,0,0,0,0,0,0,0,0,0,0,0,0,0,0,0,0,0,0,0,0,0,0,0,0,0,0,0,0,0,0,0,0,0,0,0,0,0,0,0,0,0,0,0,0,0,0,0,0,0,0,0,0,0,0,0,0,0,0,0,0,0,0,0,0,0,0,0,0,0,0,0,0,0,0,0,0,0,0,0,0,0,0,0,0,0,0,0,0,0,0,0,0,0,0,0,0,0,0,0,0,0,0,0,0,0,0,0,0,0,0,0,0,0,0,0,0,0,0,0,0,0,0,0,0,0,0,0,0,0,0,0,0,0,0,0,0,0,0,0,0,0,0,0,0,0,0,0,0,0,0,0,0,0,0,0,0,0,0,0,0,0,0,0,0,0,0,0,0,0,0,0,0,0,0,0,0,0,0,0,0,0,0,0,0,0,0,0,0,0,0,0,0,0,0,0,0,0,0,0,0,0,0,0,0,0,0,0,0,0,0,0,0,0,0,0,0,0,0,0,0,0,0,0,0,0,0,0,0,0,0,0,0,0,0,0,0,0,0,0,0,0,0,0,0,0,0,0,0,0,0,0,0,0,0,0,0,0,0,0,0,0,0,0,0,0,0,0,0,0,0,0,0,0,0,0,0,0,0,0,0,0,0,0,0,0,0,0,0,0,0,0,0,0,0,0,0,0,0,0,0,0,0,0,0,0,0,0,0,0,0,0,0,0,0,0,0,0,0,0,0,0,0,0,0,0,0,0,0,0,0,0,0,0,0,0,0,0,0,0,0,0,0,0,0,0,0,0,0,0,0,0,0,0,0,0,0,0,0,0,0,0,0,0,0,0,0,0,0,0,0,0,0,0,0,0,0,0,0,0,0,0,0,0,0,0,0,0,0,0,0,0,0,0,0,0,0,0,0,0,0,0,0,0,0,0,0,0,0,0,0,0,0,0,0,0,0,0,0,0,0,0,0,0,0,0,0,0,0,0,0,0,0,0,0,0,0,0,0,0,0,0,0,0,0,0,0,0,0,0,0,0,0,0,0,0,0,0,0,0,0,0,0,0,0,0,0,0,0,0,0,0,0,0,0,0,0,0,0,0,0,0,0,0,0,0,0,0,0,0,0,0,0,0,0,0,0,0,0,0,0,0,0,0,0,0,0,0,0,0,0,0,0,0,0,0,0,0,0,0,0,0,0,0,0,0,0,0,0,0,0,0,0,0,0,0,0,0,0,0,0,0,0,0,0,0,0,0,0,0,0,0,0,0,0,0,0,0,0,0,0,0,0,0,0,0,0,0,0,0,0,0,0,0,0,0,0,0,0,0,0,0,0,0,0,0,0,0,0,0,0,0,0,0,0,0,0,0,0,0,0,0,0,0,0,0,0,0,0,0,0,0,0,0,0,0,0,0,0,0,0,0,0,0,0,0,0,0,0,0,0,0,0,0,0,0,0,0,0,0,0,0,0,0,0,0,0,0,0,0,0,0,0,0,0,0,0,0,0,0,0,0,0,0,0,0,0,0,0,0,0,0,0,0,0,0,0,0,0,0,0,0,0,0,0,0,0,0,0,0,0,0,0,0,0,0,0,0,0,0,0,0,0,0,0,0,0,0,0,0,0,0,0,0,0,0,0,0,0,0,0,0,0,0,0,0,0,0,0,0,0,0,0,0,0,0,0,0,0,0,0,0,0,0,0,0,0,0,0,0,0,0,0,0,0,0,0,0,0,0,0,0,0,0,0,0,0,0,0,0,0,0,0,0,0,0,0,0,0,0,0,0,0,0,0,0,0,0,0,0,0,0,0,0,0,0,0,0,0,0,0,0,0,0,0,0,0,0,0,0,0,0,0,0,0,0,0,0,0,0,0,0,0,0,0,0,0,0,0,0,0,0,0,0,0,0,0,0,0,0,0,0,0,0,0,0,0,0,0,0,0,0,0,0,0,0,0,0,0,0,0,0,0,0,0,0,0,0,0,0,0,0,0,0,0,0,0,0,0,0,0,0,0,0,0,0,0,0,0,0,0,0,0,0,0,0,0,0,0,0,0,0,0,0,0,0,0,0,0,0,0,0,0,0,0,0,0,0,0,0,0,0,0,0,0,0,0,0,0,0,0,0,0,0,0,0,0,0,0,0,0,0,0,0,0,0,0,0,0,0,0,0,0,0,0,0,0,0,0,0,0,0,0,0,0,0,0,0,0,0,0,0,0,0,0,0,0,0,0,0,0,0,0,0,0,0,0,0,0,0,0,0,0,0,0,0,0,0,0,0,0,0,0,0,0,0,0,0,0,0,0,0,0,0,0,0,0,0,0,0,0,0,0,0,0,0,0,0,0,0,0,0,0,0,0,0,0,0,0,0,0,0,0,0,0,0,0,0,0,0,0,0,0,0,0,0,0,0,0,0,0,0,0,0,0,0,0,0,0,0,0,0,0,0,0,0,0,0,0,0,0,0,0,0,0,0,0,0,0,0,0,0,0,0,0,0,0,0,0,0,0,0,0,0,0,0,0,0,0,0,0,0,0,0,0,0,0,0,0,0,0,0,0,0,0,0,0,0,0,0,0,0,0,0,0,0,0,0,0,0,0,0,0,0,0,0,0,0,0,0,0,0,0,0,0,0,0,0,0,0,0,0,0,0,0,0,0,0,0,0,0,0,0,0,0,0,0,0,0,0,0,0,0,0,0,0,0,0,0,0,0,0,0,0,0,0,0,0,0,0,0,0,0,0,0,0,0,0,0,0,0,0,0,0,0,0,0,0,0,0,0,0,0,0,0,0,0,0,0,0,0,0,0,0,0,0,0,0,0,0,0,0,0,0,0,0,0,0,0,0,0,0,0,0,0,0,0,0,0,0,0,0,0,0,0,0,0,0,0,0,0,0,0,0,0,0,0,0,0,0,0,0,0,0,0,0,0,0,0,0,0,0,0,0,0,0,0,0,0,0,0,0,0,0,0,0,0,0,0,0,0,0,0,0,0,0,0,0,0,0,0,0,0,0,0,0,0,0,0,0,0,0,0,0,0,0,0,0,0,0,0,0,0,0,0,0,0,0,0,0,0,0,0,0,0,0,0,0,0,0,0,0,0,0,0,0,0,0,0,0,0,0,0,0,0,0,0,0,0,0,0,0,0,0,0,0,0,0,0,0,0,0,0,0,0,0,0,0,0,0,0,0,0,0,0,0,0,0,0,0,0,0,0,0,0,0,0,0,0,0,0,0,0,0,0,0,0,0,0,0,0,0,0,0,0,0,0,0,0,0,0,0,0,0,0,0,0,0,0,0,0,0,0,0,0,0,0,0,0,0,0,0,0,0,0,0,0,0,0,0,0,0,0,0,0,0,0,0,0,0,0,0,0,0,0,0,0,0,0,0,0,0,0,0,0,0,0,0,0,0,0,0,0,0,0,0,0,0,0,0,0,0,0,0,0,0,0,0,0,0,0,0,0,0,0,0,0,0,0,0,0,0,0,0,0,0,0,0,0,0,0,0,0,0,0,0,0,0,0,0,0,0,0,0,0,0,0,0,0,0,0,0,0,0,0,0,0,0,0,0,0,0,0,0,0,0,0,0,0,0,0,0,0,0,0,0,0,0,0,0,0,0,0,0,0,0,0,0,0,0,0,0,0,0,0,0,0,0,0,0,0,0,0,0,0,0,0,0,0,0,0,0,0,0,0,0,0,0,0,0,0,0,0,0,0,0,0,0,0,0,0,0,0,0,0,0,0,0,0,0,0,0,0,0,0,0,0,0,0,0,0,0,0,0,0,0,0,0,0,0,0,0,0,0,0,0,0,0,0,0,0,0,0,0,0,0,0,0,0,0,0,0,0,0,0,0,0,0,0,0,0,0,0,0,0,0,0,0,0,0,0,0,0,0,0,0,0,0,0,0,0,0,0,0,0,0,0,0,0,0,0,0,0,0,0,0,0,0,0,0,0,0,0,0,0,0,0,0,0,0,0,0,0,0,0,0,0,0,0,0,0,0,0,0,0,0,0,0,0,0,0,0,0,0,0,0,0,0,0,0,0,0,0,0,0,0,0,0,0,0,0,0,0,0,0,0,0,0,0,0,0,0,0,0,0,0,0,0,0,0,0,0,0,0,0,0,0,0,0,0,0,0,0,0,0,0,0,0,0,0,0,0,0,0,0,0,0,0,0,0,0,0,0,0,0,0,0,0,0,0,0,0,0,0,0,0,0,0,0,0,0,0,0,0,0,0,0,0,0,0,0,0,0,0,0,0,0,0,0,0,0,0,0,0,0,0,0,0,0,0,0,0,0,0,0,0,0,0,0,0,0,0,0,0,0,0,0,0,0,0,0,0,0,0,0,0,0,0,0,0,0,0,0,0,0,0,0,0,0,0,0,0,0,0,0,0,0,0,0,0,0,0,0,0,0,0,0,0,0,0,0,0,0,0,0,0,0,0,0,0,0,0,0,0,0,0,0,0,0,0,0,0,0,0,0,0,0,0,0,0,0,0,0,0,0,0,0,0,0,0,0,0,0,0,0,0,0,0,0,0,0,0,0,0,0,0,0,0,0,0,0,0,0,0,0,0,0,0,0,0,0,0,0,0,0,0,0,0,0,0,0,0,0,0,0,0,0,0,0,0,0,0,0,0,0,0,0,0,0,0,0,0,0,0,0,0,0,0,0,0,0,0,0,0,0,0,0,0,0,0,0,0,0,0,0,0,0,0,0,0,0,0,0,0,0,0,0,0,0,0,0,0,0,0,0,0,0,0,0,0,0,0,0,0,0,0,0,0,0,0,0,0,0,0,0,0,0,0,0,0,0,0,0,0,0,0,0,0,0,0,0,0,0,0,0,0,0,0,0,0,0,0,0,0,0,0,0,0,0,0,0,0,0,0,0,0,0,0,0,0,0,0,0,0,0,0,0,0,0,0,0,0,0,0,0,0,0,0,0,0,0,0,0,0,0,0,0,0,0,0,0,0,0,0,0,0,0,0,0,0,0,0,0,0,0,0,0,0,0,0,0,0,0,0,0,0,0,0,0,0,0,0,0,0,0,0,0,0,0,0,0,0,0,0,0,0,0,0,0,0,0,0,0,0,0,0,0,0,0,0,0,0,0,0,0,0,0,0,0,0,0,0,0,0,0,0,0,0,0,0,0,0,0,0,0,0,0,0,0,0,0,0,0,0,0,0,0,0,0,0,0,0,0,0,0,0,0,0,0,0,0,0,0,0,0,0,0,0,0,0,0,0,0,0,0,0,0,0,0,0,0,0,0,0,0,0,0,0,0,0,0,0,0,0,0,0,0,0,0,0,0,0,0,0,0,0,0,0,0,0,0,0,0,0,0,0,0,0,0,0,0,0,0,0,0,0,0,0,0,0,0,0,0,0,0,0,0,0,0,0,0,0,0,0,0,0,0,0,0,0,0,0,0,0,0,0,0,0,0,0,0,0,0,0,0,0,0,0,0,0,0,0,0,0,0,0,0,0,0,0,0,0,0,0,0,0,0,0,0,0,0,0,0,0,0,0,0,0,0,0,0,0,0,0,0,0,0,0,0,0,0,0,0,0,0,0,0,0,0,0,0,0,0,0,0,0,0,0,0,0,0,0,0,0,0,0,0,0,0,0,0,0,0,0,0,0,0,0,0,0,0,0,0,0,0,0,0,0,0,0,0,0,0,0,0,0,0,0,0,0,0,0,0,0,0,0,0,0,0,0,0,0,0,0,0,0,0,0,0,0,0,0,0,0,0,0,0,0,0,0,0,0,0,0,0,0,0,0,0,0,0,0,0,0,0,0,0,0,0,0,0,0,0,0,0,0,0,0,0,0,0,0,0,0,0,0,0,0,0,0,0,0,0,0,0,0,0,0,0,0,0,0,0,0,0,0,0,0,0,0,0,0,0,0,0,0,0,0,0,0,0,0,0,0,0,0,0,0,0,0,0,0,0,0,0,0,0,0,0,0,0,0,0,0,0,0,0,0,0,0,0,0,0,0,0,0,0,0,0,0,0,0,0,0,0,0,0,0,0,0,0,0,0,0,0,0,0,0,0,0,0,0,0,0,0,0,0,0,0,0,0,0,0,0,0,0,0,0,0,0,0,0,0,0,0,0,0,0,0,0,0,0,0,0,0,0,0,0,0,0,0,0,0,0,0,0,0,0,0,0,0,0,0,0,0,0,0,0,0,0,0,0,0,0,0,0,0,0,0,0,0,0,0,0,0,0,0,0,0,0,0,0,0,0,0,0,0,0,0,0,0,0,0,0,0,0,0,0,0,0,0,0,0,0,0,0,0,0,0,0,0,0,0,0,0,0,0,0,0,0,0,0,0,0,0,0,0,0,0,0,0,0,0,0,0,0,0,0,0,0,0,0,0,0,0,0,0,0,0,0,0,0,0,0,0,0,0,0,0,0,0,0,0,0,0,0,0,0,0,0,0,0,0,0,0,0,0,0,0,0,0,0,0,0,0,0,0,0,0,0,0,0,0,0,0,0,0,0,0,0,0,0,0,0,0,0,0,0,0,0,0,0,0,0,0,0,0,0,0,0,0,0,0,0,0,0,0,0,0,0,0,0,0,0,0,0,0,0,0,0,0,0,0,0,0,0,0,0,0,0,0,0,0,0,0,0,0,0,0,0,0,0,0,0,0,0,0,0,0,0,0,0,0,0,0,0,0,0,0,0,0,0,0,0,0,0,0,0,0,0,0,0,0,0,0,0,0,0,0,0,0,0,0,0,0,0,0,0,0,0,0,0,0,0,0,0,0,0,0,0,0,0,0,0,0,0,0,0,0,0,0,0,0,0,0,0,0,0,0,0,0,0,0,0,0,0,0,0,0,0,0,0,0,0,0,0,0,0,0,0,0,0,0,0,0,0,0,0,0,0,0,0,0,0,0,0,0,0,0,0,0,0,0,0,0,0,0,0,0,0,0,0,0,0,0,0,0,0,0,0,0,0,0,0,0,0,0,0,0,0,0,0,0,0,0,0,0,0,0,0,0,0,0,0,0,0,0,0,0,0,0,0,0,0,0,0,0,0,0,0,0,0,0,0,0,0,0,0,0,0,0,0,0,0,0,0,0,0,0,0,0,0,0,0,0,0,0,0,0,0,0,0,0,0,0,0,0,0,0,0,0,0,0,0,0,0,0,0,0,0,0,0,0,0,0,0,0,0,0,0,0,0,0,0,0,0,0,0,0,0,0,0,0,0,0,0,0,0,0,0,0,0,0,0,0,0,0,0,0,0,0,0,0,0,0,0,0,0,0,0,0,0,0,0,0,0,0,0,0,0,0,0,0,0,0,0,0,0,0,0,0,0,0,0,0,0,0,0,0,0,0,0,0,0,0,0,0,0,0,0,0,0,0,0,0,0,0,0,0,0,0,0,0,0,0,0,0,0,0,0,0,0,0,0,0,0,0,0,0,0,0,0,0,0,0,0,0,0,0,0,0,0,0,0,0,0,0,0,0,0,0,0,0,0,0,0,0,0,0,0,0,0,0,0,0,0,0,0,0,0,0,0,0,0,0,0,0,0,0,0,0,0,0,0,0,0,0,0,0,0,0,0,0,0,0,0,0,0,0,0,0,0,0,0,0,0,0,0,0,0,0,0,0,0,0,0,0,0,0,0,0,0,0,0,0,0,0,0,0,0,0,0,0,0,0,0,0,0,0,0,0,0,0,0,0,0,0,0,0,0,0,0,0,0,0,0,0,0,0,0,0,0,0,0,0,0,0,0,0,0,0,0,0,0,0,0,0,0,0,0,0,0,0,0,0,0,0,0,0,0,0,0,0,0,0,0,0,0,0,0,0,0,0,0,0,0,0,0,0,0,0,0,0,0,0,0,0,0,0,0,0,0,0,0,0,0,0,0,0,0,0,0,0,0,0,0,0,0,0,0,0,0,0,0,0,0,0,0,0,0,0,0,0,0,0,0,0,0,0,0,0,0,0,0,0,0,0,0,0,0,0,0,0,0,0,0,0,0,0,0,0,0,0,0,0,0,0,0,0,0,0,0,0,0,0,0,0,0,0,0,0,0,0,0,0,0,0,0,0,0,0,0,0,0,0,0,0,0,0,0,0,0,0,0,0,0,0,0,0,0,0,0,0,0,0,0,0,0,0,0,0,0,0,0,0,0,0,0,0,0,0,0,0,0,0,0,0,0,0,0,0,0,0,0,0,0,0,0,0,0,0,0,0,0,0,0,0,0,0,0,0,0,0,0,0,0,0,0,0,0,0,0,0,0,0,0,0,0,0,0,0,0,0,0,0,0,0,0,0,0,0,0,0,0,0,0,0,0,0,0,0,0,0,0,0,0,0,0,0,0,0,0,0,0,0,0,0,0,0,0,0,0,0,0,0,0,0,0,0,0,0,0,0,0,0,0,0,0,0,0,0,0,0,0,0,0,0,0,0,0,0,0,0,0,0,0,0,0,0,0,0,0,0,0,0,0,0,0,0,0,0,0,0,0,0,0,0,0,0,0,0,0,0,0,0,0,0,0,0,0,0,0,0,0,0,0,0,0,0,0,0,0,0,0,0,0,0,0,0,0,0,0,0,0,0,0,0,0,0,0,0,0,0,0,0,0,0,0,0,0,0,0,0,0,0,0,0,0,0,0,0,0,0,0,0,0,0,0,0,0,0,0,0,0,0,0,0,0,0,0,0,0,0,0,0,0,0,0,0,0,0,0,0,0,0,0,0,0,0,0,0,0,0,0,0,0,0,0,0,0,0,0,0,0,0,0,0,0,0,0,0,0,0,0,0,0,0,0,0,0,0,0,0,0,0,0,0,0,0,0,0,0,0,0,0,0,0,0,0,0,0,0,0,0,0,0,0,0,0,0,0,0,0,0,0,0,0,0,0,0,0,0,0,0,0,0,0,0,0,0,0,0,0,0,0,0,0,0,0,0,0,0,0,0,0,0,0,0,0,0,0,0,0,0,0,0,0,0,0,0,0,0,0,0,0,0,0,0,0,0,0,0,0,0,0,0,0,0,0,0,0,0,0,0,0,0,0,0,0,0,0,0,0,0,0,0,0,0,0,0,0,0,0,0,0,0,0,0,0,0,0,0,0,0,0,0,0,0,0,0,0,0,0,0,0,0,0,0,0,0,0,0,0,0,0,0,0,0,0,0,0,0,0,0,0,0,0,0,0,0,0,0,0,0,0,0,0,0,0,0,0,0,0,0,0,0,0,0,0,0,0,0,0,0,0,0,0,0,0,0,0,0,0,0,0,0,0,0,0,0,0,0,0,0,0,0,0,0,0,0,0,0,0,0,0,0,0,0,0,0,0,0,0,0,0,0,0,0,0,0,0,0,0,0,0,0,0,0,0,0,0,0,0,0,0,0,0,0,0,0,0,0,0,0,0,0,0,0,0,0,0,0,0,0,0,0,0,0,0,0,0,0,0,0,0,0,0,0,0,0,0,0,0,0,0,0,0,0,0,0,0,0,0,0,0,0,0,0,0,0,0,0,0,0,0,0,0,0,0,0,0,0,0,0,0,0,0,0,0,0,0,0,0,0,0,0,0,0,0,0,0,0,0,0,0,0,0,0,0,0,0,0,0,0,0,0,0,0,0,0,0,0,0,0,0,0,0,0,0,0,0,0,0,0,0,0,0,0,0,0,0,0,0,0,0,0,0,0,0,0,0,0,0,0,0,0,0,0,0,0,0,0,0,0,0,0,0,0,0,0,0,0,0,0,0,0,0,0,0,0,0,0,0,0,0,0,0,0,0,0,0,0,0,0,0,0,0,0,0,0,0,0,0,0,0,0,0,0,0,0,0,0,0,0,0,0,0,0,0,0,0,0,0,0,0,0,0,0,0,0,0,0,0,0,0,0,0,0,0,0,0,0,0,0,0,0,0,0,0,0,0,0,0,0,0,0,0,0,0,0,0,0,0,0,0,0,0,0,0,0,0,0,0,0,0,0,0,0,0,0,0,0,0,0,0,0,0,0,0,0,0,0,0,0,0,0,0,0,0,0,0,0,0,0,0,0,0,0,0,0,0,0,0,0,0,0,0,0,0,0,0,0,0,0,0,0,0,0,0,0,0,0,0,0,0,0,0,0,0,0,0,0,0,0,0,0,0,0,0,0,0,0,0,0,0,0,0,0,0,0,0,0,0,0,0,0,0,0,0,0,0,0,0,0,0,0,0,0,0,0,0,0,0,0,0,0,0,0,0,0,0,0,0,0,0,0,0,0,0,0,0,0,0,0,0,0,0,0,0,0,0,0,0,0,0,0,0,0,0,0,0,0,0,0,0,0,0,0,0,0,0,0,0,0,0,0,0,0,0,0,0,0,0,0,0,0,0,0,0,0,0,0,0,0,0,0,0,0,0,0,0,0,0,0,0,0,0,0,0,0,0,0,0,0,0,0,0,0,0,0,0,0,0,0,0,0,0,0,0,0,0,0,0,0,0,0,0,0,0,0,0,0,0,0,0,0,0,0,0,0,0,0,0,0,0,0,0,0,0,0,0,0,0,0,0,0,0,0,0,0,0,0,0,0,0,0,0,0,0,0,0,0,0,0,0,0,0,0,0,0,0,0,0,0,0,0,0,0,0,0,0,0,0,0,0,0,0,0,0,0,0,0,0,0,0,0,0,0,0,0,0,0,0,0,0,0,0,0,0,0,0,0,0,0,0,0,0,0,0,0,0,0,0,0,0,0,0,0,0,0,0,0,0,0,0,0,0,0,0,0,0,0,0,0,0,0,0,0,0,0,0,0,0,0,0,0,0,0,0,0,0,0,0,0,0,0,0,0,0,0,0,0,0,0,0,0,0,0,0,0,0,0,0,0,0,0,0,0,0,0,0,0,0,0,0,0,0,0,0,0,0,0,0,0,0,0,0,0,0,0,0,0,0,0,0,0,0,0,0,0,0,0,0,0,0,0,0,0,0,0,0,0,0,0,0,0,0,0,0,0,0,0,0,0,0,0,0,0,0,0,0,0,0,0,0,0,0,0,0,0,0,0,0,0,0,0,0,0,0,0,0,0,0,0,0,0,0,0,0,0,0,0,0,0,0,0,0,0,0,0,0,0,0,0,0,0,0,0,0,0,0,0,0,0,0,0,0,0,0,0,0,0,0,0,0,0,0,0,0,0,0,0,0,0,0,0,0,0,0,0,0,0,0,0,0,0,0,0,0,0,0,0,0,0,0,0,0,0,0,0,0,0,0,0,0,0,0,0,0,0,0,0,0,0,0,0,0,0,0,0,0,0,0,0,0,0,0,0,0,0,0,0,0,0,0,0,0,0,0,0,0,0,0,0,0,0,0,0,0,0,0,0,0,0,0,0,0,0,0,0,0,0,0,0,0,0,0,0,0,0,0,0,0,0,0,0,0,0,0,0,0,0,0,0,0,0,0,0,0,0,0,0,0,0,0,0,0,0,0,0,0,0,0,0,0,0,0,0,0,0,0,0,0,0,0,0,0,0,0,0,0,0,0,0,0,0,0,0,0,0,0,0,0,0,0,0,0,0,0,0,0,0,0,0,0,0,0,0,0,0,0,0,0,0,0,0,0,0,0,0,0,0,0,0,0,0,0,0,0,0,0,0,0,0,0,0,0,0,0,0,0,0,0,0,0,0,0,0,0,0,0,0,0,0,0,0,0,0,0,0,0,0,0,0,0,0,0,0,0,0,0,0,0,0,0,0,0,0,0,0,0,0,0,0,0,0,0,0,0,0,0,0,0,0,0,0,0,0,0,0,0,0,0,0,0,0,0,0,0,0,0,0,0,0,0,0,0,0,0,0,0,0,0,0,0,0,0,0,0,0,0,0,0,0,0,0,0,0,0,0,0,0,0,0,0,0,0,0,0,0,0,0,0,0,0,0,0,0,0,0,0,0,0,0,0,0,0,0,0,0,0,0,0,0,0,0,0,0,0,0,0,0,0,0,0,0,0,0,0,0,0,0,0,0,0,0,0,0,0,0,0,0,0,0,0,0,0,0,0,0,0,0,0,0,0,0,0,0,0,0,0,0,0,0,0,0,0,0,0,0,0,0,0,0,0,0,0,0,0,0,0,0,0,0,0,0,0,0,0,0,0,0,0,0,0,0,0,0,0,0,0,0,0,0,0,0,0,0,0,0,0,0,0,0,0,0,0,0,0,0,0,0,0,0,0,0,0,0,0,0,0,0,0,0,0,0,0,0,0,0,0,0,0,0,0,0,0,0,0,0,0,0,0,0,0,0,0,0,0,0,0,0,0,0,0,0,0,0,0,0,0,0,0,0,0,0,0,0,0,0,0,0,0,0,0,0,0,0,0,0,0,0,0,0,0,0,0,0,0,0,0,0,0,0,0,0,0,0,0,0,0,0,0,0,0,0,0,0,0,0,0,0,0,0,0,0,0,0,0,0,0,0,0,0,0,0,0,0,0,0,0,0,0,0,0,0,0,0,0,0,0,0,0,0,0,0,0,0,0,0,0,0,0,0,0,0,0,0,0,0,0,0,0,0,0,0,0,0,0,0,0,0,0,0,0,0,0,0,0,0,0,0,0,0,0,0,0,0,0,0,0,0,0,0,0,0,0,0,0,0,0,0,0,0,0,0,0,0,0,0,0,0,0,0,0,0,0,0,0,0,0,0,0,0,0,0,0,0,0,0,0,0,0,0,0,0,0,0,0,0,0,0,0,0,0,0,0,0,0,0,0,0,0,0,0,0,0,0,0,0,0,0,0,0,0,0,0,0,0,0,0,0,0,0,0,0,0,0,0,0,0,0,0,0,0,0,0,0,0,0,0,0,0,0,0,0,0,0,0,0,0,0,0,0,0,0,0,0,0,0,0,0,0,0,0,0,0,0,0,0,0,0,0,0,0,0,0,0,0,0,0,0,0,0,0,0,0,0,0,0,0,0,0,0,0,0,0,0,0,0,0,0,0,0,0,0,0,0,0,0,0,0,0,0,0,0,0,0,0,0,0,0,0,0,0,0,0,0,0,0,0,0,0,0,0,0,0,0,0,0,0,0,0,0,0,0,0,0,0,0,0,0,0,0,0,0,0,0,0,0,0,0,0,0,0,0,0,0,0,0,0,0,0,0,0,0,0,0,0,0,0,0,0,0,0,0,0,0,0,0,0,0,0,0,0,0,0,0,0,0,0,0,0,0,0,0,0,0,0,0,0,0,0,0,0,0,0,0,0,0,0,0,0,0,0,0,0,0,0,0,0,0,0,0,0,0,0,0,0,0,0,0,0,0,0,0,0,0,0,0,0,0,0,0,0,0,0,0,0,0,0,0,0,0,0,0,0,0,0,0,0,0,0,0,0,0,0,0,0,0,0,0,0,0,0,0,0,0,0,0,0,0,0,0,0,0,0,0,0,0,0,0,0,0,0,0,0,0,0,0,0,0,0,0,0,0,0,0,0,0,0,0,0,0,0,0,0,0,0,0,0,0,0,0,0,0,0,0,0,0,0,0,0,0,0,0,0,0,0,0,0,0,0,0,0,0,0,0,0,0,0,0,0,0,0,0,0,0,0,0,0,0,0,0,0,0,0,0,0,0,0,0,0,0,0,0,0,0,0,0,0,0,0,0,0,0,0,0,0,0,0,0,0,0,0,0,0,0,0,0,0,0,0,0,0,0,0,0,0,0,0,0,0,0,0,0,0,0,0,0,0,0,0,0,0,0,0,0,0,0,0,0,0,0,0,0,0,0,0,0,0,0,0,0,0,0,0,0,0,0,0,0,0,0,0,0,0,0,0,0,0,0,0,0,0,0,0,0,0,0,0,0,0,0,0,0,0,0,0,0,0,0,0,0,0,0,0,0,0,0,0,0,0,0,0,0,0,0,0,0,0,0,0,0,0,0,0,0,0,0,0,0,0,0,0,0,0,0,0,0,0,0,0,0,0,0,0,0,0,0,0,0,0,0,0,0,0,0,0,0,0,0,0,0,0,0,0,0,0,0,0,0,0,0,0,0,0,0,0,0,0,0,0,0,0,0,0,0,0,0,0,0,0,0,0,0,0,0,0,0,0,0,0,0,0,0,0,0,0,0,0,0,0,0,0,0,0,0,0,0,0,0,0,0,0,0,0,0,0,0,0,0,0,0,0,0,0,0,0,0,0,0,0,0,0,0,0,0,0,0,0,0,0,0,0,0,0,0,0,0,0,0,0,0,0,0,0,0,0,0,0,0,0,0,0,0,0,0,0,0,0,0,0,0,0,0,0,0,0,0,0,0,0,0,0,0,0,0,0,0,0,0,0,0,0,0,0,0,0,0,0,0,0,0,0,0,0,0,0,0,0,0,0,0,0,0,0,0,0,0,0,0,0,0,0,0,0,0,0,0,0,0,0,0,0,0,0,0,0,0,0,0,0,0,0,0,0,0,0,0,0,0,0,0,0,0,0,0,0,0,0,0,0,0,0,0,0,0,0,0,0,0,0,0,0,0,0,0,0,0,0,0,0,0,0,0,0,0,0,0,0,0,0,0,0,0,0,0,0,0,0,0,0,0,0,0,0,0,0,0,0,0,0,0,0,0,0,0,0,0,0,0,0,0,0,0,0,0,0,0,0,0,0,0,0,0,0,0,0,0,0,0,0,0,0,0,0,0,0,0,0,0,0,0,0,0,0,0,0,0,0,0,0,0,0,0,0,0,0,0,0,0,0,0,0,0,0,0,0,0,0,0,0,0,0,0,0,0,0,0,0,0,0,0,0,0,0,0,0,0,0,0,0,0,0,0,0,0,0,0,0,0,0,0,0,0,0,0,0,0,0,0,0,0,0,0,0,0,0,0,0,0,0,0,0,0,0,0,0,0,0,0,0,0,0,0,0,0,0,0,0,0,0,0,0,0,0,0,0,0,0,0,0,0,0,0,0,0,0,0,0,0,0,0,0,0,0,0,0,0,0,0,0,0,0,0,0,0,0,0,0,0,0,0,0,0,0,0,0,0,0,0,0,0,0,0,0,0,0,0,0,0,0,0,0,0,0,0,0,0,0,0,0,0,0,0,0,0,0,0,0,0,0,0,0,0,0,0,0,0,0,0,0,0,0,0,0,0,0,0,0,0,0,0,0,0,0,0,0,0,0,0,0,0,0,0,0,0,0,0,0,0,0,0,0,0,0,0,0,0,0,0,0,0,0,0,0,0,0,0,0,0,0,0,0,0,0,0,0,0,0,0,0,0,0,0,0,0,0,0,0,0,0,0,0,0,0,0,0,0,0,0,0,0,0,0,0,0,0,0,0,0,0,0,0,0,0,0,0,0,0,0,0,0,0,0,0,0,0,0,0,0,0,0,0,0,0,0,0,0,0,0,0,0,0,0,0,0,0,0,0,0,0,0,0,0,0,0,0,0,0,0,0,0,0,0,0,0,0,0,0,0,0,0,0,0,0,0,0,0,0,0,0,0,0,0,0,0,0,0,0,0,0,0,0,0,0,0,0,0,0,0,0,0,0,0,0,0,0,0,0,0,0,0,0,0,0,0,0,0,0,0,0,0,0,0,0,0,0,0,0,0,0,0,0,0,0,0,0,0,0,0,0,0,0,0,0,0,0,0,0,0,0,0,0,0,0,0,0,0,0,0,0,0,0,0,0,0,0,0,0,0,0,0,0,0,0,0,0,0,0,0,0,0,0,0,0,0,0,0,0,0,0,0,0,0,0,0,0,0,0,0,0,0,0,0,0,0,0,0,0,0,0,0,0,0,0,0,0,0,0,0,0,0,0,0,0,0,0,0,0,0,0,0,0,0,0,0,0,0,0,0,0,0,0,0,0,0,0,0,0,0,0,0,0,0,0,0,0,0,0,0,0,0,0,0,0,0,0,0,0,0,0,0,0,0,0,0,0,0,0,0,0,0,0,0,0,0,0,0,0,0,0,0,0,0,0,0,0,0,0,0,0,0,0,0,0,0,0,0,0,0,0,0,0,0,0,0,0,0,0,0,0,0,0,0,0,0,0,0,0,0,0,0,0,0,0,0,0,0,0,0,0,0,0,0,0,0,0,0,0,0,0,0,0,0,0,0,0,0,0,0,0,0,0,0,0,0,0,0,0,0,0,0,0,0,0,0,0,0,0,0,0,0,0,0,0,0,0,0,0,0,0,0,0,0,0,0,0,0,0,0,0,0,0,0,0,0,0,0,0,0,0,0,0,0,0,0,0,0,0,0,0,0,0,0,0,0,0,0,0,0,0,0,0,0,0,0,0,0,0,0,0,0,0,0,0,0,0,0,0,0,0,0,0,0,0,0,0,0,0,0,0,0,0,0,0,0,0,0,0,0,0,0,0,0,0,0,0,0,0,0,0,0,0,0,0,0,0,0,0,0,0,0,0,0,0,0,0,0,0,0,0,0,0,0,0,0,0,0,0,0,0,0,0,0,0,0,0,0,0,0,0,0,0,0,0,0,0,0,0,0,0,0,0,0,0,0,0,0,0,0,0,0,0,0,0,0,0,0,0,0,0,0,0,0,0,0,0,0,0,0,0,0,0,0,0,0,0,0,0,0,0,0,0,0,0,0,0,0,0,0,0,0,0,0,0,0,0,0,0,0,0,0,0,0,0,0,0,0,0,0,0,0,0,0,0,0,0,0,0,0,0,0,0,0,0,0,0,0,0,0,0,0,0,0,0,0,0,0,0,0,0,0,0,0,0,0,0,0,0,0,0,0,0,0,0,0,0,0,0,0,0,0,0,0,0,0,0,0,0,0,0,0,0,0,0,0,0,0,0,0,0,0,0,0,0,0,0,0,0,0,0,0,0,0,0,0,0,0,0,0,0,0,0,0,0,0,0,0,0,0,0,0,0,0,0,0,0,0,0,0,0,0,0,0,0,0,0,0,0,0,0,0,0,0,0,0,0,0,0,0,0,0,0,0,0,0,0,0,0,0,0,0,0,0,0,0,0,0,0,0,0,0,0,0,0,0,0,0,0,0,0,0,0,0,0,0,0,0,0,0,0,0,0,0,0,0,0,0,0,0,0,0,0,0,0,0,0,0,0,0,0,0,0,0,0,0,0,0,0,0,0,0,0,0,0,0,0,0,0,0,0,0,0,0,0,0,0,0,0,0,0,0,0,0,0,0,0,0,0,0,0,0,0,0,0,0,0,0,0,0,0,0,0,0,0,0,0,0,0,0,0,0,0,0,0,0,0,0,0,0,0,0,0,0,0,0,0,0,0,0,0,0,0,0,0,0,0,0,0,0,0,0,0,0,0,0,0,0,0,0,0,0,0,0,0,0,0,0,0,0,0,0,0,0,0,0,0,0,0,0,0,0,0,0,0,0,0,0,0,0,0,0,0,0,0,0,0,0,0,0,0,0,0,0,0,0,0,0,0,0,0,0,0,0,0,0,0,0,0,0,0,0,0,0,0,0,0,0,0,0,0,0,0,0,0,0,0,0,0,0,0,0,0,0,0,0,0,0,0,0,0,0,0,0,0,0,0,0,0,0,0,0,0,0,0,0,0,0,0,0,0,0,0,0,0,0,0,0,0,0,0,0,0,0,0,0,0,0,0,0,0,0,0,0,0,0,0,0,0,0,0,0,0,0,0,0,0,0,0,0,0,0,0,0,0,0,0,0,0,0,0,0,0,0,0,0,0,0,0,0,0,0,0,0,0,0,0,0,0,0,0,0,0,0,0,0,0,0,0,0,0,0,0,0,0,0,0,0,0,0,0,0,0,0,0,0,0,0,0,0,0,0,0,0,0,0,0,0,0,0,0,0,0,0,0,0,0,0,0,0,0,0,0,0,0,0,0,0,0,0,0,0,0,0,0,0,0,0,0,0,0,0,0,0,0,0,0,0,0,0,0,0,0,0,0,0,0,0,0,0,0,0,0,0,0,0,0,0,0,0,0,0,0,0,0,0,0,0,0,0,0,0,0,0,0,0,0,0,0,0,0,0,0,0,0,0,0,0,0,0,0,0,0,0,0,0,0,0,0,0,0,0,0,0,0,0,0,0,0,0,0,0,0,0,0,0,0,0,0,0,0,0,0,0,0,0,0,0,0,0,0,0,0,0,0,0,0,0,0,0,0,0,0,0,0,0,0,0,0,0,0,0,0,0,0,0,0,0,0,0,0,0,0,0,0,0,0,0,0,0,0,0,0,0,0,0,0,0,0,0,0,0,0,0,0,0,0,0,0,0,0,0,0,0,0,0,0,0,0,0,0,0,0,0,0,0,0,0,0,0,0,0,0,0,0,0,0,0,0,0,0,0,0,0,0,0,0,0,0,0,0,0,0,0,0,0,0,0,0,0,0,0,0,0,0,0,0,0,0,0,0,0,0,0,0,0,0,0,0,0,0,0,0,0,0,0,0,0,0,0,0,0,0,0,0,0,0,0,0,0,0,0,0,0,0,0,0,0,0,0,0,0,0,0,0,0,0,0,0,0,0,0,0,0,0,0,0,0,0,0,0,0,0,0,0,0,0,0,0,0,0,0,0,0,0,0,0,0,0,0,0,0,0,0,0,0,0,0,0,0,0,0,0,0,0,0,0,0,0,0,0,0,0,0,0,0,0,0,0,0,0,0,0,0,0,0,0,0,0,0,0,0,0,0,0,0,0,0,0,0,0,0,0,0,0,0,0,0,0,0,0,0,0,0,0,0,0,0,0,0,0,0,0,0,0,0,0,0,0,0,0,0,0,0,0,0,0,0,0,0,0,0,0,0,0,0,0,0,0,0,0,0,0,0,0,0,0,0,0,0,0,0,0,0,0,0,0,0,0,0,0,0,0,0,0,0,0,0,0,0,0,0,0,0,0,0,0,0,0,0,0,0,0,0,0,0,0,0,0,0,0,0,0,0,0,0,0,0,0,0,0,0,0,0,0,0,0,0,0,0,0,0,0,0,0,0,0,0,0,0,0,0,0,0,0,0,0,0,0,0,0,0,0,0,0,0,0,0,0,0,0,0,0,0,0,0,0,0,0,0,0,0,0,0,0,0,0,0,0,0,0,0,0,0,0,0,0,0,0,0,0,0,0,0,0,0,0,0,0,0,0,0,0,0,0,0,0,0,0,0,0,0,0,0,0,0,0,0,0,0,0,0,0,0,0,0,0,0,0,0,0,0,0,0,0,0,0,0,0,0,0,0,0,0,0,0,0,0,0,0,0,0,0,0,0,0,0,0,0,0,0,0,0,0,0,0,0,0,0,0,0,0,0,0,0,0,0,0,0,0,0,0,0,0,0,0,0,0,0,0,0,0,0,0,0,0,0,0,0,0,0,0,0,0,0,0,0,0,0,0,0,0,0,0,0,0,0,0,0,0,0,0,0,0,0,0,0,0,0,0,0,0,0,0,0,0,0,0,0,0,0,0,0,0,0,0,0,0,0,0,0,0,0,0,0,0,0,0,0,0,0,0,0,0,0,0,0,0,0,0,0,0,0,0,0,0,0,0,0,0,0,0,0,0,0,0,0,0,0,0,0,0,0,0,0,0,0,0,0,0,0,0,0,0,0,0,0,0,0,0,0,0,0,0,0,0,0,0,0,0,0,0,0,0,0,0,0,0,0,0,0,0,0,0,0,0,0,0,0,0,0,0,0,0,0,0,0,0,0,0,0,0,0,0,0,0,0,0,0,0,0,0,0,0,0,0,0,0,0,0,0,0,0,0,0,0,0,0,0,0,0,0,0,0,0,0,0,0,0,0,0,0,0,0,0,0,0,0,0,0,0,0,0,0,0,0,0,0,0,0,0,0,0,0,0,0,0,0,0,0,0,0,0,0,0,0,0,0,0,0,0,0,0,0,0,0,0,0,0,0,0,0,0,0,0,0,0,0,0,0,0,0,0,0,0,0,0,0,0,0,0,0,0,0,0,0,0,0,0,0,0,0,0,0,0,0,0,0,0,0,0,0,0,0,0,0,0,0,0,0,0,0,0,0,0,0,0,0,0,0,0,0,0,0,0,0,0,0,0,0,0,0,0,0,0,0,0,0,0,0,0,0,0,0,0,0,0,0,0,0,0,0,0,0,0,0,0,0,0,0,0,0,0,0,0,0,0,0,0,0,0,0,0,0,0,0,0,0,0,0,0,0,0,0,0,0,0,0,0,0,0,0,0,0,0,0,0,0,0,0,0,0,0,0,0,0,0,0,0,0,0,0,0,0,0,0,0,0,0,0,0,0,0,0,0,0,0,0,0,0,0,0,0,0,0,0,0,0,0,0,0,0,0,0,0,0,0,0,0,0,0,0,0,0,0,0,0,0,0,0,0,0,0,0,0,0,0,0,0,0,0,0,0,0,0,0,0,0,0,0,0,0,0,0,0,0,0,0,0,0,0,0,0,0,0,0,0,0,0,0,0,0,0,0,0,0,0,0,0,0,0,0,0,0,0,0,0,0,0,0,0,0,0,0,0,0,0,0,0,0,0,0,0,0,0,0,0,0,0,0,0,0,0,0,0,0,0,0,0,0,0,0,0,0,0,0,0,0,0,0,0,0,0,0,0,0,0,0,0,0,0,0,0,0,0,0,0,0,0,0,0,0,0,0,0,0,0,0,0,0,0,0,0,0,0,0,0,0,0,0,0,0,0,0,0,0,0,0,0,0,0,0,0,0,0,0,0,0,0,0,0,0,0,0,0,0,0,0,0,0,0,0,0,0,0,0,0,0,0,0,0,0,0,0,0,0,0,0,0,0,0,0,0,0,0,0,0,0,0,0,0,0,0,0,0,0,0,0,0,0,0,0,0,0,0,0,0,0,0,0,0,0,0,0,0,0,0,0,0,0,0,0,0,0,0,0,0,0,0,0,0,0,0,0,0,0,0,0,0,0,0,0,0,0,0,0,0,0,0,0,0,0,0,0,0,0,0,0,0,0,0,0,0,0,0,0,0,0,0,0,0,0,0,0,0,0,0,0,0,0,0,0,0,0,0,0,0,0,0,0,0,0,0,0,0,0,0,0,0,0,0,0,0,0,0,0,0,0,0,0,0,0,0,0,0,0,0,0,0,0,0,0,0,0,0,0,0,0,0,0,0,0,0,0,0,0,0,0,0,0,0,0,0,0,0,0,0,0,0,0,0,0,0,0,0,0,0,0,0,0,0,0,0,0,0,0,0,0,0,0,0,0,0,0,0,0,0,0,0,0,0,0,0,0,0,0,0,0,0,0,0,0,0,0,0,0,0,0,0,0,0,0,0,0,0,0,0,0,0,0,0,0,0,0,0,0,0,0,0,0,0,0,0,0,0,0,0,0,0,0,0,0,0,0,0,0,0,0,0,0,0,0,0,0,0,0,0,0,0,0,0,0,0,0,0,0,0,0,0,0,0,0,0,0,0,0,0,0,0,0,0,0,0,0,0,0,0,0,0,0,0,0,0,0,0,0,0,0,0,0,0,0,0,0,0,0,0,0,0,0,0,0,0,0,0,0,0,0,0,0,0,0,0,0,0,0,0,0,0,0,0,0,0,0,0,0,0,0,0,0,0,0,0,0,0,0,0,0,0,0,0,0,0,0,0,0,0,0,0,0,0,0,0,0,0,0,0,0,0,0,0,0,0,0,0,0,0,0,0,0,0,0,0,0,0,0,0,0,0,0,0,0,0,0,0,0,0,0,0,0,0,0,0,0,0,0,0,0,0,0,0,0,0,0,0,0,0,0,0,0,0,0,0,0,0,0,0,0,0,0,0,0,0,0,0,0,0,0,0,0,0,0,0,0,0,0,0,0,0,0,0,0,0,0,0,0,0,0,0,0,0,0,0,0,0,0,0,0,0,0,0,0,0,0,0,0,0,0,0,0,0,0,0,0,0,0,0,0,0,0,0,0,0,0,0,0,0,0,0,0,0,0,0,0,0,0,0,0,0,0,0,0,0,0,0,0,0,0,0,0,0,0,0,0,0,0,0,0,0,0,0,0,0,0,0,0,0,0,0,0,0,0,0,0,0,0,0,0,0,0,0,0,0,0,0,0,0,0,0,0,0,0,0,0,0,0,0,0,0,0,0,0,0,0,0,0,0,0,0,0,0,0,0,0,0,0,0,0,0,0,0,0,0,0,0,0,0,0,0,0,0,0,0,0,0,0,0,0,0,0,0,0,0,0,0,0,0,0,0,0,0,0,0,0,0,0,0,0,0,0,0,0,0,0,0,0,0,0,0,0,0,0,0,0,0,0,0,0,0,0,0,0,0,0,0,0,0,0,0,0,0,0,0,0,0,0,0,0,0,0,0,0,0,0,0,0,0,0,0,0,0,0,0,0,0,0,0,0,0,0,0,0,0,0,0,0,0,0,0,0,0,0,0,0,0,0,0,0,0,0,0,0,0,0,0,0,0,0,0,0,0,0,0,0,0,0,0,0,0,0,0,0,0,0,0,0,0,0,0,0,0,0,0,0,0,0,0,0,0,0,0,0,0,0,0,0,0,0,0,0,0,0,0,0,0,0,0,0,0,0,0,0,0,0,0,0,0,0,0,0,0,0,0,0,0,0,0,0,0,0,0,0,0,0,0,0,0,0,0,0,0,0,0,0,0,0,0,0,0,0,0,0,0,0,0,0,0,0,0,0,0,0,0,0,0,0,0,0,0,0,0,0,0,0,0,0,0,0,0,0,0,0,0,0,0,0,0,0,0,0,0,0,0,0,0,0,0,0,0,0,0,0,0,0,0,0,0,0,0,0,0,0,0,0,0,0,0,0,0,0,0,0,0,0,0,0,0,0,0,0,0,0,0,0,0,0,0,0,0,0,0,0,0,0,0,0,0,0,0,0,0,0,0,0,0,0,0,0,0,0,0,0,0,0,0,0,0,0,0,0,0,0,0,0,0,0,0,0,0,0,0,0,0,0,0,0,0,0,0,0,0,0,0,0,0,0,0,0,0,0,0,0,0,0,0,0,0,0,0,0,0,0,0,0,0,0,0,0,0,0,0,0,0,0,0,0,0,0,0,0,0,0,0,0,0,0,0,0,0,0,0,0,0,0,0,0,0,0,0,0,0,0,0,0,0,0,0,0,0,0,0,0,0,0,0,0,0,0,0,0,0,0,0,0,0,0,0,0,0,0,0,0,0,0,0,0,0,0,0,0,0,0,0,0,0,0,0,0,0,0,0,0,0,0,0,0,0,0,0,0,0,0,0,0,0,0,0,0,0,0,0,0,0,0,0,0,0,0,0,0,0,0,0,0,0,0,0,0,0,0,0,0,0,0,0,0,0,0,0,0,0,0,0,0,0,0,0,0,0,0,0,0,0,0,0,0,0,0,0,0,0,0,0,0,0,0,0,0,0,0,0,0,0,0,0,0,0,0,0,0,0,0,0,0,0,0,0,0,0,0,0,0,0,0,0,0,0,0,0,0,0,0,0,0,0,0,0,0,0,0,0,0,0,0,0,0,0,0,0,0,0,0,0,0,0,0,0,0,0,0,0,0,0,0,0,0,0,0,0,0,0,0,0,0,0,0,0,0,0,0,0,0,0,0,0,0,0,0,0,0,0,0,0,0,0,0,0,0,0,0,0,0,0,0,0,0,0,0,0,0,0,0,0,0,0,0,0,0,0,0,0,0,0,0,0,0,0,0,0,0,0,0,0,0,0,0,0,0,0,0,0,0,0,0,0,0,0,0,0,0,0,0,0,0,0,0,0,0,0,0,0,0,0,0,0,0,0,0,0,0,0,0,0,0,0,0,0,0,0,0,0,0,0,0,0,0,0,0,0,0,0,0,0,0,0,0,0,0,0,0,0,0,0,0,0,0,0,0,0,0,0,0,0,0,0,0,0,0,0,0,0,0,0,0,0,0,0,0,0,0,0,0,0,0,0,0,0,0,0,0,0,0,0,0,0,0,0,0,0,0,0,0,0,0,0,0,0,0,0,0,0,0,0,0,0,0,0,0,0,0,0,0,0,0,0,0,0,0,0,0,0,0,0,0,0,0,0,0,0,0,0,0,0,0,0,0,0,0,0,0,0,0,0,0,0,0,0,0,0,0,0,0,0,0,0,0,0,0,0,0,0,0,0,0,0,0,0,0,0,0,0,0,0,0,0,0,0,0,0,0,0,0,0,0,0,0,0,0,0,0,0,0,0,0,0,0,0,0,0,0,0,0,0,0,0,0,0,0,0,0,0,0,0,0,0,0,0,0,0,0,0,0,0,0,0,0,0,0,0,0,0,0,0,0,0,0,0,0,0,0,0,0,0,0,0,0,0,0,0,0,0,0,0,0,0,0,0,0,0,0,0,0,0,0,0,0,0,0,0,0,0,0,0,0,0,0,0,0,0,0,0,0,0,0,0,0,0,0,0,0,0,0,0,0,0,0,0,0,0,0,0,0,0,0,0,0,0,0,0,0,0,0,0,0,0,0,0,0,0,0,0,0,0,0,0,0,0,0,0,0,0,0,0,0,0,0,0,0,0,0,0,0,0,0,0,0,0,0,0,0,0,0,0,0,0,0,0,0,0,0,0,0,0,0,0,0,0,0,0,0,0,0,0,0,0,0,0,0,0,0,0,0,0,0,0,0,0,0,0,0,0,0,0,0,0,0,0,0,0,0,0,0,0,0,0,0,0,0,0,0,0,0,0,0,0,0,0,0,0,0,0,0,0,0,0,0,0,0,0,0,0,0,0,0,0,0,0,0,0,0,0,0,0,0,0,0,0,0,0,0,0,0,0,0,0,0,0,0,0,0,0,0,0,0,0,0,0,0,0,0,0,0,0,0,0,0,0,0,0,0,0,0,0,0,0,0,0,0,0,0,0,0,0,0,0,0,0,0,0,0,0,0,0,0,0,0,0,0,0,0,0,0,0,0,0,0,0,0,0,0,0,0,0,0,0,0,0,0,0,0,0,0,0,0,0,0,0,0,0,0,0,0,0,0,0,0,0,0,0,0,0,0,0,0,0,0,0,0,0,0,0,0,0,0,0,0,0,0,0,0,0,0,0,0,0,0,0,0,0,0,0,0,0,0,0,0,0,0,0,0,0,0,0,0,0,0,0,0,0,0,0,0,0,0,0,0,0,0,0,0,0,0,0,0,0,0,0,0,0,0,0,0,0,0,0,0,0,0,0,0,0,0,0,0,0,0,0,0,0,0,0,0,0,0,0,0,0,0,0,0,0,0,0,0,0,0,0,0,0,0,0,0,0,0,0,0,0,0,0,0,0,0,0,0,0,0,0,0,0,0,0,0,0,0,0,0,0,0,0,0,0,0,0,0,0,0,0,0,0,0,0,0,0,0,0,0,0,0,0,0,0,0,0,0,0,0,0,0,0,0,0,0,0,0,0,0,0,0,0,0,0,0,0,0,0,0,0,0,0,0,0,0,0,0,0,0,0,0,0,0,0,0,0,0,0,0,0,0,0,0,0,0,0,0,0,0,0,0,0,0,0,0,0,0,0,0,0,0,0,0,0,0,0,0,0,0,0,0,0,0,0,0,0,0,0,0,0,0,0,0,0,0,0,0,0,0,0,0,0,0,0,0,0,0,0,0,0,0,0,0,0,0,0,0,0,0,0,0,0,0,0,0,0,0,0,0,0,0,0,0,0,0,0,0,0,0,0,0,0,0,0,0,0,0,0,0,0,0,0,0,0,0,0,0,0,0,0,0,0,0,0,0,0,0,0,0,0,0,0,0,0,0,0,0,0,0,0,0,0,0,0,0,0,0,0,0,0,0,0,0,0,0,0,0,0,0,0,0,0,0,0,0,0,0,0,0,0,0,0,0,0,0,0,0,0,0,0,0,0,0,0,0,0,0,0,0,0,0,0,0,0,0,0,0,0,0,0,0,0,0,0,0,0,0,0,0,0,0,0,0,0,0,0,0,0,0,0,0,0,0,0,0,0,0,0,0,0,0,0,0,0,0,0,0,0,0,0,0,0,0,0,0,0,0,0,0,0,0,0,0,0,0,0,0,0,0,0,0,0,0,0,0,0,0,0,0,0,0,0,0,0,0,0,0,0,0,0,0,0,0,0,0,0,0,0,0,0,0,0,0,0,0,0,0,0,0,0,0,0,0,0,0,0,0,0,0,0,0,0,0,0,0,0,0,0,0,0,0,0,0,0,0,0,0,0,0,0,0,0,0,0,0,0,0,0,0,0,0,0,0,0,0,0,0,0,0,0,0,0,0,0,0,0,0,0,0,0,0,0,0,0,0,0,0,0,0,0,0,0,0,0,0,0,0,0,0,0,0,0,0,0,0,0,0,0,0,0,0,0,0,0,0,0,0,0,0,0,0,0,0,0,0,0,0,0,0,0,0,0,0,0,0,0,0,0,0,0,0,0,0,0,0,0,0,0,0,0,0,0,0,0,0,0,0,0,0,0,0,0,0,0,0,0,0,0,0,0,0,0,0,0,0,0,0,0,0,0,0,0,0,0,0,0,0,0,0,0,0,0,0,0,0,0,0,0,0,0,0,0,0,0,0,0,0,0,0,0,0,0,0,0,0,0,0,0,0,0,0,0,0,0,0,0,0,0,0,0,0,0,0,0,0,0,0,0,0,0,0,0,0,0,0,0,0,0,0,0,0,0,0,0,0,0,0,0,0,0,0,0,0,0,0,0,0,0,0,0,0,0,0,0,0,0,0,0,0,0,0,0,0,0,0,0,0,0,0,0,0,0,0,0,0,0,0,0,0,0,0,0,0,0,0,0,0,0,0,0,0,0,0,0,0,0,0,0,0,0,0,0,0,0,0,0,0,0,0,0,0,0,0,0,0,0,0,0,0,0,0,0,0,0,0,0,0,0,0,0,0,0,0,0,0,0,0,0,0,0,0,0,0,0,0,0,0,0,0,0,0,0,0,0,0,0,0,0,0,0,0,0,0,0,0,0,0,0,0,0,0,0,0,0,0,0,0,0,0,0,0,0,0,0,0,0,0,0,0,0,0,0,0,0,0,0,0,0,0,0,0,0,0,0,0,0,0,0,0,0,0,0,0,0,0,0,0,0,0,0,0,0,0,0,0,0,0,0,0,0,0,0,0,0,0,0,0,0,0,0,0,0,0,0,0,0,0,0,0,0,0,0,0,0,0,0,0,0,0,0,0,0,0,0,0,0,0,0,0,0,0,0,0,0,0,0,0,0,0,0,0,0,0,0,0,0,0,0,0,0,0,0,0,0,0,0,0,0,0,0,0,0,0,0,0,0,0,0,0,0,0,0,0,0,0,0,0,0,0,0,0,0,0,0,0,0,0,0,0,0,0,0,0,0,0,0,0,0,0,0,0,0,0,0,0,0,0,0,0,0,0,0,0,0,0,0,0,0,0,0,0,0,0,0,0,0,0,0,0,0,0,0,0,0,0,0,0,0,0,0,0,0,0,0,0,0,0,0,0,0,0,0,0,0,0,0,0,0,0,0,0,0,0,0,0,0,0,0,0,0,0,0,0,0,0,0,0,0,0,0,0,0,0,0,0,0,0,0,0,0,0,0,0,0,0,0,0,0,0,0,0,0,0,0,0,0,0,0,0,0,0,0,0,0,0,0,0,0,0,0,0,0,0,0,0,0,0,0,0,0,0,0,0,0,0,0,0,0,0,0,0,0,0,0,0,0,0,0,0,0,0,0,0,0,0,0,0,0,0,0,0,0,0,0,0,0,0,0,0,0,0,0,0,0,0,0,0,0,0,0,0,0,0,0,0,0,0,0,0,0,0,0,0,0,0,0,0,0,0,0,0,0,0,0,0,0,0,0,0,0,0,0,0,0,0,0,0,0,0,0,0,0,0,0,0,0,0,0,0,0,0,0,0,0,0,0,0,0,0,0,0,0,0,0,0,0,0,0,0,0,0,0,0,0,0,0,0,0,0,0,0,0,0,0,0,0,0,0,0,0,0,0,0,0,0,0,0,0,0,0,0,0,0,0,0,0,0,0,0,0,0,0,0,0,0,0,0,0,0,0,0,0,0,0,0,0,0,0,0,0,0,0,0,0,0,0,0,0,0,0,0,0,0,0,0,0,0,0,0,0,0,0,0,0,0,0,0,0,0,0,0,0,0,0,0,0,0,0,0,0,0,0,0,0,0,0,0,0,0,0,0,0,0,0,0,0,0,0,0,0,0,0,0,0,0,0,0,0,0,0,0,0,0,0,0,0,0,0,0,0,0,0,0,0,0,0,0,0,0,0,0,0,0,0,0,0,0,0,0,0,0,0,0,0,0,0,0,0,0,0,0,0,0,0,0,0,0,0,0,0,0,0,0,0,0,0,0,0,0,0,0,0,0,0,0,0,0,0,0,0,0,0,0,0,0,0,0,0,0,0,0,0,0,0,0,0,0,0,0,0,0,0,0,0,0,0,0,0,0,0,0,0,0,0,0,0,0,0,0,0,0,0,0,0,0,0,0,0,0,0,0,0,0,0,0,0,0,0,0,0,0,0,0,0,0,0,0,0,0,0,0,0,0,0,0,0,0,0,0,0,0,0,0,0,0,0,0,0,0,0,0,0,0,0,0,0,0,0,0,0,0,0,0,0,0,0,0,0,0,0,0,0,0,0,0,0,0,0,0,0,0,0,0,0,0,0,0,0,0,0,0,0,0,0,0,0,0,0,0,0,0,0,0,0,0,0,0,0,0,0,0,0,0,0,0,0,0,0,0,0,0,0,0,0,0,0,0,0,0,0,0,0,0,0,0,0,0,0,0,0,0,0,0,0,0,0,0,0,0,0,0,0,0,0,0,0,0,0,0,0,0,0,0,0,0,0,0,0,0,0,0,0,0,0,0,0,0,0,0,0,0,0,0,0,0,0,0,0,0,0,0,0,0,0,0,0,0,0,0,0,0,0,0,0,0,0,0,0,0,0,0,0,0,0,0,0,0,0,0,0,0,0,0,0,0,0,0,0,0,0,0,0,0,0,0,0,0,0,0,0,0,0,0,0,0,0,0,0,0,0,0,0,0,0,0,0,0,0,0,0,0,0,0,0,0,0,0,0,0,0,0,0,0,0,0,0,0,0,0,0,0,0,0,0,0,0,0,0,0,0,0,0,0,0,0,0,0,0,0,0,0,0,0,0,0,0,0,0,0,0,0,0,0,0,0,0,0,0,0,0,0,0,0,0,0,0,0,0,0,0,0,0,0,0,0,0,0,0,0,0,0,0,0,0,0,0,0,0,0,0,0,0,0,0,0,0,0,0,0,0,0,0,0,0,0,0,0,0,0,0,0,0,0,0,0,0,0,0,0,0,0,0,0,0,0,0,0,0,0,0,0,0,0,0,0,0,0,0,0,0,0,0,0,0,0,0,0,0,0,0,0,0,0,0,0,0,0,0,0,0,0,0,0,0,0,0,0,0,0,0,0,0,0,0,0,0,0,0,0,0,0,0,0,0,0,0,0,0,0,0,0,0,0,0,0,0,0,0,0,0,0,0,0,0,0,0,0,0,0,0,0,0,0,0,0,0,0,0,0,0,0,0,0,0,0,0,0,0,0,0,0,0,0,0,0,0,0,0,0,0,0,0,0,0,0,0,0,0,0,0,0,0,0,0,0,0,0,0,0,0,0,0,0,0,0,0,0,0,0,0,0,0,0,0,0,0,0,0,0,0,0,0,0,0,0,0,0,0,0,0,0,0,0,0,0,0,0,0,0,0,0,0,0,0,0,0,0,0,0,0,0,0,0,0,0,0,0,0,0,0,0,0,0,0,0,0,0,0,0,0,0,0,0,0,0,0,0,0,0,0,0,0,0,0,0,0,0,0,0,0,0,0,0,0,0,0,0,0,0,0,0,0,0,0,0,0,0,0,0,0,0,0,0,0,0,0,0,0,0,0,0,0,0,0,0,0,0,0,0,0,0,0,0,0,0,0,0,0,0,0,0,0,0,0,0,0,0,0,0,0,0,0,0,0,0,0,0,0,0,0,0,0,0,0,0,0,0,0,0,0,0,0,0,0,0,0,0,0,0,0,0,0,0,0,0,0,0,0,0,0,0,0,0,0,0,0,0,0,0,0,0,0,0,0,0,0,0,0,0,0,0,0,0,0,0,0,0,0,0,0,0,0,0,0,0,0,0,0,0,0,0,0,0,0,0,0,0,0,0,0,0,0,0,0,0,0,0,0,0,0,0,0,0,0,0,0,0,0,0,0,0,0,0,0,0,0,0,0,0,0,0,0,0,0,0,0,0,0,0,0,0,0,0,0,0,0,0,0,0,0,0,0,0,0,0,0,0,0,0,0,0,0,0,0,0,0,0,0,0,0,0,0,0,0,0,0,0,0,0,0,0,0,0,0,0,0,0,0,0,0,0,0,0,0,0,0,0,0,0,0,0,0,0,0,0,0,0,0,0,0,0,0,0,0,0,0,0,0,0,0,0,0,0,0,0,0,0,0,0,0,0,0,0,0,0,0,0,0,0,0,0,0,0,0,0,0,0,0,0,0,0,0,0,0,0,0,0,0,0,0,0,0,0,0,0,0,0,0,0,0,0,0,0,0,0,0,0,0,0,0,0,0,0,0,0,0,0,0,0,0,0,0,0,0,0,0,0,0,0,0,0,0,0,0,0,0,0,0,0,0,0,0,0,0,0,0,0,0,0,0,0,0,0,0,0" x_size="64" y_size="64" type="1"/>
 </function>
