<?xml version="1.0"?>
<function>
   <testbench var_2="165813" p_var_3="16" p_var_4="760360" p_var_5="12" p_var_7="17" p_var_8="1034495" p_var_9="12" graph:init_file="../common/DB40_init" return="125"/>
</function>
